<?xml version="1.0" encoding="utf-8"?><testsuites><testsuite errors="0" failures="0" hostname="Juans-MacBook-Pro-2.local" name="pytest" skipped="165" tests="1353" time="122.901" timestamp="2020-08-26T14:52:46.614513"><testcase classname="" file="sklearn/utils/tests/test_testing.py" name="sklearn.utils.tests.test_testing" time="0.000"><skipped message="collection skipped">(&apos;/Users/alfaro96/Workspace/Python/scikit-learn/sklearn/utils/tests/test_testing.py&apos;, 629, &quot;Skipped: could not import &apos;pandas&apos;: No module named &apos;pandas&apos;&quot;)</skipped><skipped message="collection skipped">(&apos;/Users/alfaro96/Workspace/Python/scikit-learn/sklearn/utils/tests/test_testing.py&apos;, 629, &quot;Skipped: could not import &apos;pandas&apos;: No module named &apos;pandas&apos;&quot;)</skipped></testcase><testcase classname="sklearn._config" file="sklearn/_config.py" name="sklearn._config.config_context" time="0.020"></testcase><testcase classname="sklearn.calibration" file="sklearn/calibration.py" line="61" name="sklearn.calibration.CalibratedClassifierCV" time="0.031"></testcase><testcase classname="sklearn.calibration" file="sklearn/calibration.py" line="61" name="sklearn.calibration.calibration_curve" time="0.009"></testcase><testcase classname="sklearn.discriminant_analysis" file="sklearn/discriminant_analysis.py" line="133" name="sklearn.discriminant_analysis.LinearDiscriminantAnalysis" time="0.012"></testcase><testcase classname="sklearn.discriminant_analysis" file="sklearn/discriminant_analysis.py" line="569" name="sklearn.discriminant_analysis.QuadraticDiscriminantAnalysis" time="0.008"></testcase><testcase classname="sklearn.dummy" file="sklearn/dummy.py" line="23" name="sklearn.dummy.DummyClassifier" time="0.010"></testcase><testcase classname="sklearn.dummy" file="sklearn/dummy.py" line="389" name="sklearn.dummy.DummyRegressor" time="0.009"></testcase><testcase classname="sklearn.exceptions" file="sklearn/exceptions.py" line="21" name="sklearn.exceptions.NotFittedError" time="0.006"></testcase><testcase classname="sklearn.isotonic" file="sklearn/isotonic.py" line="134" name="sklearn.isotonic.IsotonicRegression" time="0.011"></testcase><testcase classname="sklearn.kernel_approximation" file="sklearn/kernel_approximation.py" line="435" name="sklearn.kernel_approximation.AdditiveChi2Sampler" time="0.142"></testcase><testcase classname="sklearn.kernel_approximation" file="sklearn/kernel_approximation.py" line="626" name="sklearn.kernel_approximation.Nystroem" time="0.393"></testcase><testcase classname="sklearn.kernel_approximation" file="sklearn/kernel_approximation.py" line="30" name="sklearn.kernel_approximation.PolynomialCountSketch" time="0.013"></testcase><testcase classname="sklearn.kernel_approximation" file="sklearn/kernel_approximation.py" line="195" name="sklearn.kernel_approximation.RBFSampler" time="0.011"></testcase><testcase classname="sklearn.kernel_approximation" file="sklearn/kernel_approximation.py" line="311" name="sklearn.kernel_approximation.SkewedChi2Sampler" time="0.012"></testcase><testcase classname="sklearn.kernel_ridge" file="sklearn/kernel_ridge.py" line="16" name="sklearn.kernel_ridge.KernelRidge" time="0.022"></testcase><testcase classname="sklearn.multiclass" file="sklearn/multiclass.py" line="503" name="sklearn.multiclass.OneVsOneClassifier" time="0.026"></testcase><testcase classname="sklearn.multiclass" file="sklearn/multiclass.py" line="135" name="sklearn.multiclass.OneVsRestClassifier" time="0.017"></testcase><testcase classname="sklearn.multiclass" file="sklearn/multiclass.py" line="722" name="sklearn.multiclass.OutputCodeClassifier" time="0.356"></testcase><testcase classname="sklearn.multioutput" file="sklearn/multioutput.py" line="539" name="sklearn.multioutput.ClassifierChain" time="0.052"></testcase><testcase classname="sklearn.multioutput" file="sklearn/multioutput.py" line="284" name="sklearn.multioutput.MultiOutputClassifier" time="0.022"></testcase><testcase classname="sklearn.multioutput" file="sklearn/multioutput.py" line="211" name="sklearn.multioutput.MultiOutputRegressor" time="0.015"></testcase><testcase classname="sklearn.multioutput" file="sklearn/multioutput.py" line="723" name="sklearn.multioutput.RegressorChain" time="0.019"></testcase><testcase classname="sklearn.naive_bayes" file="sklearn/naive_bayes.py" line="915" name="sklearn.naive_bayes.BernoulliNB" time="0.006"></testcase><testcase classname="sklearn.naive_bayes" file="sklearn/naive_bayes.py" line="1050" name="sklearn.naive_bayes.CategoricalNB" time="0.027"></testcase><testcase classname="sklearn.naive_bayes" file="sklearn/naive_bayes.py" line="787" name="sklearn.naive_bayes.ComplementNB" time="0.006"></testcase><testcase classname="sklearn.naive_bayes" file="sklearn/naive_bayes.py" line="118" name="sklearn.naive_bayes.GaussianNB" time="0.008"></testcase><testcase classname="sklearn.naive_bayes" file="sklearn/naive_bayes.py" line="669" name="sklearn.naive_bayes.MultinomialNB" time="0.006"></testcase><testcase classname="sklearn.pipeline" file="sklearn/pipeline.py" line="757" name="sklearn.pipeline.FeatureUnion" time="0.011"></testcase><testcase classname="sklearn.pipeline" file="sklearn/pipeline.py" line="31" name="sklearn.pipeline.Pipeline" time="0.016"></testcase><testcase classname="sklearn.pipeline" file="sklearn/pipeline.py" line="667" name="sklearn.pipeline.make_pipeline" time="0.010"></testcase><testcase classname="sklearn.pipeline" file="sklearn/pipeline.py" line="1016" name="sklearn.pipeline.make_union" time="0.007"></testcase><testcase classname="sklearn.random_projection" file="sklearn/random_projection.py" line="420" name="sklearn.random_projection.GaussianRandomProjection" time="1.364"></testcase><testcase classname="sklearn.random_projection" file="sklearn/random_projection.py" line="513" name="sklearn.random_projection.SparseRandomProjection" time="1.178"></testcase><testcase classname="sklearn.random_projection" file="sklearn/random_projection.py" line="114" name="sklearn.random_projection.johnson_lindenstrauss_min_dim" time="0.005"></testcase><testcase classname="sklearn._loss.tests.test_glm_distribution" file="sklearn/_loss/tests/test_glm_distribution.py" line="19" name="test_family_bounds[family0-expected0]" time="0.004"></testcase><testcase classname="sklearn._loss.tests.test_glm_distribution" file="sklearn/_loss/tests/test_glm_distribution.py" line="19" name="test_family_bounds[family1-expected1]" time="0.001"></testcase><testcase classname="sklearn._loss.tests.test_glm_distribution" file="sklearn/_loss/tests/test_glm_distribution.py" line="19" name="test_family_bounds[family2-expected2]" time="0.001"></testcase><testcase classname="sklearn._loss.tests.test_glm_distribution" file="sklearn/_loss/tests/test_glm_distribution.py" line="19" name="test_family_bounds[family3-expected3]" time="0.001"></testcase><testcase classname="sklearn._loss.tests.test_glm_distribution" file="sklearn/_loss/tests/test_glm_distribution.py" line="19" name="test_family_bounds[family4-expected4]" time="0.001"></testcase><testcase classname="sklearn._loss.tests.test_glm_distribution" file="sklearn/_loss/tests/test_glm_distribution.py" line="19" name="test_family_bounds[family5-expected5]" time="0.001"></testcase><testcase classname="sklearn._loss.tests.test_glm_distribution" file="sklearn/_loss/tests/test_glm_distribution.py" line="33" name="test_invalid_distribution_bound" time="0.001"></testcase><testcase classname="sklearn._loss.tests.test_glm_distribution" file="sklearn/_loss/tests/test_glm_distribution.py" line="41" name="test_tweedie_distribution_power" time="0.001"></testcase><testcase classname="sklearn._loss.tests.test_glm_distribution" file="sklearn/_loss/tests/test_glm_distribution.py" line="62" name="test_deviance_zero[family0-chk_values0]" time="0.002"></testcase><testcase classname="sklearn._loss.tests.test_glm_distribution" file="sklearn/_loss/tests/test_glm_distribution.py" line="62" name="test_deviance_zero[family1-chk_values1]" time="0.003"></testcase><testcase classname="sklearn._loss.tests.test_glm_distribution" file="sklearn/_loss/tests/test_glm_distribution.py" line="62" name="test_deviance_zero[family2-chk_values2]" time="0.002"></testcase><testcase classname="sklearn._loss.tests.test_glm_distribution" file="sklearn/_loss/tests/test_glm_distribution.py" line="62" name="test_deviance_zero[family3-chk_values3]" time="0.002"></testcase><testcase classname="sklearn._loss.tests.test_glm_distribution" file="sklearn/_loss/tests/test_glm_distribution.py" line="62" name="test_deviance_zero[family4-chk_values4]" time="0.003"></testcase><testcase classname="sklearn._loss.tests.test_glm_distribution" file="sklearn/_loss/tests/test_glm_distribution.py" line="62" name="test_deviance_zero[family5-chk_values5]" time="0.004"></testcase><testcase classname="sklearn._loss.tests.test_glm_distribution" file="sklearn/_loss/tests/test_glm_distribution.py" line="62" name="test_deviance_zero[family6-chk_values6]" time="0.002"></testcase><testcase classname="sklearn._loss.tests.test_glm_distribution" file="sklearn/_loss/tests/test_glm_distribution.py" line="62" name="test_deviance_zero[family7-chk_values7]" time="0.002"></testcase><testcase classname="sklearn._loss.tests.test_glm_distribution" file="sklearn/_loss/tests/test_glm_distribution.py" line="62" name="test_deviance_zero[family8-chk_values8]" time="0.002"></testcase><testcase classname="sklearn._loss.tests.test_glm_distribution" file="sklearn/_loss/tests/test_glm_distribution.py" line="79" name="test_deviance_derivative[NormalDistribution]" time="0.005"></testcase><testcase classname="sklearn._loss.tests.test_glm_distribution" file="sklearn/_loss/tests/test_glm_distribution.py" line="79" name="test_deviance_derivative[PoissonDistribution]" time="0.002"></testcase><testcase classname="sklearn._loss.tests.test_glm_distribution" file="sklearn/_loss/tests/test_glm_distribution.py" line="79" name="test_deviance_derivative[GammaDistribution]" time="0.003"></testcase><testcase classname="sklearn._loss.tests.test_glm_distribution" file="sklearn/_loss/tests/test_glm_distribution.py" line="79" name="test_deviance_derivative[InverseGaussianDistribution]" time="0.003"></testcase><testcase classname="sklearn._loss.tests.test_glm_distribution" file="sklearn/_loss/tests/test_glm_distribution.py" line="79" name="test_deviance_derivative[TweedieDistribution0]" time="0.004"></testcase><testcase classname="sklearn._loss.tests.test_glm_distribution" file="sklearn/_loss/tests/test_glm_distribution.py" line="79" name="test_deviance_derivative[TweedieDistribution1]" time="0.003"></testcase><testcase classname="sklearn._loss.tests.test_glm_distribution" file="sklearn/_loss/tests/test_glm_distribution.py" line="79" name="test_deviance_derivative[TweedieDistribution2]" time="0.003"></testcase><testcase classname="sklearn._loss.tests.test_glm_distribution" file="sklearn/_loss/tests/test_glm_distribution.py" line="79" name="test_deviance_derivative[TweedieDistribution3]" time="0.004"></testcase><testcase classname="sklearn._loss.tests.test_glm_distribution" file="sklearn/_loss/tests/test_glm_distribution.py" line="79" name="test_deviance_derivative[TweedieDistribution4]" time="0.002"></testcase><testcase classname="sklearn.cluster._affinity_propagation" file="sklearn/cluster/_affinity_propagation.py" line="256" name="sklearn.cluster._affinity_propagation.AffinityPropagation" time="0.016"></testcase><testcase classname="sklearn.cluster._agglomerative" file="sklearn/cluster/_agglomerative.py" line="681" name="sklearn.cluster._agglomerative.AgglomerativeClustering" time="0.011"></testcase><testcase classname="sklearn.cluster._agglomerative" file="sklearn/cluster/_agglomerative.py" line="949" name="sklearn.cluster._agglomerative.FeatureAgglomeration" time="0.092"></testcase><testcase classname="sklearn.cluster._bicluster" file="sklearn/cluster/_bicluster.py" line="319" name="sklearn.cluster._bicluster.SpectralBiclustering" time="0.059"></testcase><testcase classname="sklearn.cluster._bicluster" file="sklearn/cluster/_bicluster.py" line="182" name="sklearn.cluster._bicluster.SpectralCoclustering" time="0.014"></testcase><testcase classname="sklearn.cluster._birch" file="sklearn/cluster/_birch.py" line="326" name="sklearn.cluster._birch.Birch" time="0.008"></testcase><testcase classname="sklearn.cluster._dbscan" file="sklearn/cluster/_dbscan.py" line="150" name="sklearn.cluster._dbscan.DBSCAN" time="0.007"></testcase><testcase classname="sklearn.cluster._kmeans" file="sklearn/cluster/_kmeans.py" line="601" name="sklearn.cluster._kmeans.KMeans" time="0.021"></testcase><testcase classname="sklearn.cluster._kmeans" file="sklearn/cluster/_kmeans.py" line="1381" name="sklearn.cluster._kmeans.MiniBatchKMeans" time="0.021"></testcase><testcase classname="sklearn.cluster._mean_shift" file="sklearn/cluster/_mean_shift.py" line="241" name="sklearn.cluster._mean_shift.MeanShift" time="0.014"></testcase><testcase classname="sklearn.cluster._optics" file="sklearn/cluster/_optics.py" line="24" name="sklearn.cluster._optics.OPTICS" time="0.013"></testcase><testcase classname="sklearn.cluster._spectral" file="sklearn/cluster/_spectral.py" line="286" name="sklearn.cluster._spectral.SpectralClustering" time="0.014"></testcase><testcase classname="sklearn.cluster.tests.test_affinity_propagation" file="sklearn/cluster/tests/test_affinity_propagation.py" line="28" name="test_affinity_propagation" time="0.056"></testcase><testcase classname="sklearn.cluster.tests.test_affinity_propagation" file="sklearn/cluster/tests/test_affinity_propagation.py" line="74" name="test_affinity_propagation_predict" time="0.005"></testcase><testcase classname="sklearn.cluster.tests.test_affinity_propagation" file="sklearn/cluster/tests/test_affinity_propagation.py" line="82" name="test_affinity_propagation_predict_error" time="0.004"></testcase><testcase classname="sklearn.cluster.tests.test_affinity_propagation" file="sklearn/cluster/tests/test_affinity_propagation.py" line="97" name="test_affinity_propagation_fit_non_convergence" time="0.001"></testcase><testcase classname="sklearn.cluster.tests.test_affinity_propagation" file="sklearn/cluster/tests/test_affinity_propagation.py" line="111" name="test_affinity_propagation_equal_mutual_similarities" time="0.003"></testcase><testcase classname="sklearn.cluster.tests.test_affinity_propagation" file="sklearn/cluster/tests/test_affinity_propagation.py" line="140" name="test_affinity_propagation_predict_non_convergence" time="0.003"></testcase><testcase classname="sklearn.cluster.tests.test_affinity_propagation" file="sklearn/cluster/tests/test_affinity_propagation.py" line="157" name="test_affinity_propagation_non_convergence_regressiontest" time="0.002"></testcase><testcase classname="sklearn.cluster.tests.test_affinity_propagation" file="sklearn/cluster/tests/test_affinity_propagation.py" line="166" name="test_equal_similarities_and_preferences" time="0.001"></testcase><testcase classname="sklearn.cluster.tests.test_affinity_propagation" file="sklearn/cluster/tests/test_affinity_propagation.py" line="187" name="test_affinity_propagation_random_state" time="0.042"></testcase><testcase classname="sklearn.cluster.tests.test_affinity_propagation" file="sklearn/cluster/tests/test_affinity_propagation.py" line="207" name="test_affinity_propagation_random_state_warning" time="0.005"></testcase><testcase classname="sklearn.cluster.tests.test_affinity_propagation" file="sklearn/cluster/tests/test_affinity_propagation.py" line="219" name="test_affinity_propagation_convergence_warning_dense_sparse[centers0]" time="0.016"></testcase><testcase classname="sklearn.cluster.tests.test_affinity_propagation" file="sklearn/cluster/tests/test_affinity_propagation.py" line="219" name="test_affinity_propagation_convergence_warning_dense_sparse[centers1]" time="0.007"></testcase><testcase classname="sklearn.cluster.tests.test_affinity_propagation" file="sklearn/cluster/tests/test_affinity_propagation.py" line="235" name="test_affinity_propagation_float32" time="0.005"></testcase><testcase classname="sklearn.cluster.tests.test_bicluster" file="sklearn/cluster/tests/test_bicluster.py" line="36" name="test_get_submatrix" time="0.004"></testcase><testcase classname="sklearn.cluster.tests.test_bicluster" file="sklearn/cluster/tests/test_bicluster.py" line="62" name="test_spectral_coclustering" time="0.275"></testcase><testcase classname="sklearn.cluster.tests.test_bicluster" file="sklearn/cluster/tests/test_bicluster.py" line="90" name="test_spectral_biclustering" time="1.030"></testcase><testcase classname="sklearn.cluster.tests.test_bicluster" file="sklearn/cluster/tests/test_bicluster.py" line="153" name="test_scale_normalize" time="0.010"></testcase><testcase classname="sklearn.cluster.tests.test_bicluster" file="sklearn/cluster/tests/test_bicluster.py" line="163" name="test_bistochastic_normalize" time="0.011"></testcase><testcase classname="sklearn.cluster.tests.test_bicluster" file="sklearn/cluster/tests/test_bicluster.py" line="173" name="test_log_normalize" time="0.003"></testcase><testcase classname="sklearn.cluster.tests.test_bicluster" file="sklearn/cluster/tests/test_bicluster.py" line="182" name="test_fit_best_piecewise" time="0.062"></testcase><testcase classname="sklearn.cluster.tests.test_bicluster" file="sklearn/cluster/tests/test_bicluster.py" line="191" name="test_project_and_cluster" time="0.047"></testcase><testcase classname="sklearn.cluster.tests.test_bicluster" file="sklearn/cluster/tests/test_bicluster.py" line="206" name="test_perfect_checkerboard" time="0.746"></testcase><testcase classname="sklearn.cluster.tests.test_bicluster" file="sklearn/cluster/tests/test_bicluster.py" line="229" name="test_errors[args0]" time="0.001"></testcase><testcase classname="sklearn.cluster.tests.test_bicluster" file="sklearn/cluster/tests/test_bicluster.py" line="229" name="test_errors[args1]" time="0.001"></testcase><testcase classname="sklearn.cluster.tests.test_bicluster" file="sklearn/cluster/tests/test_bicluster.py" line="229" name="test_errors[args2]" time="0.001"></testcase><testcase classname="sklearn.cluster.tests.test_bicluster" file="sklearn/cluster/tests/test_bicluster.py" line="229" name="test_errors[args3]" time="0.003"></testcase><testcase classname="sklearn.cluster.tests.test_bicluster" file="sklearn/cluster/tests/test_bicluster.py" line="229" name="test_errors[args4]" time="0.001"></testcase><testcase classname="sklearn.cluster.tests.test_bicluster" file="sklearn/cluster/tests/test_bicluster.py" line="229" name="test_errors[args5]" time="0.001"></testcase><testcase classname="sklearn.cluster.tests.test_bicluster" file="sklearn/cluster/tests/test_bicluster.py" line="229" name="test_errors[args6]" time="0.002"></testcase><testcase classname="sklearn.cluster.tests.test_bicluster" file="sklearn/cluster/tests/test_bicluster.py" line="229" name="test_errors[args7]" time="0.002"></testcase><testcase classname="sklearn.cluster.tests.test_bicluster" file="sklearn/cluster/tests/test_bicluster.py" line="248" name="test_wrong_shape" time="0.001"></testcase><testcase classname="sklearn.cluster.tests.test_bicluster" file="sklearn/cluster/tests/test_bicluster.py" line="255" name="test_n_features_in_[est0]" time="0.131"></testcase><testcase classname="sklearn.cluster.tests.test_bicluster" file="sklearn/cluster/tests/test_bicluster.py" line="255" name="test_n_features_in_[est1]" time="0.027"></testcase><testcase classname="sklearn.cluster.tests.test_bicluster" file="sklearn/cluster/tests/test_bicluster.py" line="266" name="test_n_jobs_deprecated[None-SpectralBiclustering]" time="0.269"></testcase><testcase classname="sklearn.cluster.tests.test_bicluster" file="sklearn/cluster/tests/test_bicluster.py" line="266" name="test_n_jobs_deprecated[None-SpectralCoclustering]" time="0.029"></testcase><testcase classname="sklearn.cluster.tests.test_bicluster" file="sklearn/cluster/tests/test_bicluster.py" line="266" name="test_n_jobs_deprecated[1-SpectralBiclustering]" time="0.186"></testcase><testcase classname="sklearn.cluster.tests.test_bicluster" file="sklearn/cluster/tests/test_bicluster.py" line="266" name="test_n_jobs_deprecated[1-SpectralCoclustering]" time="0.018"></testcase><testcase classname="sklearn.cluster.tests.test_birch" file="sklearn/cluster/tests/test_birch.py" line="22" name="test_n_samples_leaves_roots" time="0.002"></testcase><testcase classname="sklearn.cluster.tests.test_birch" file="sklearn/cluster/tests/test_birch.py" line="34" name="test_partial_fit" time="0.010"></testcase><testcase classname="sklearn.cluster.tests.test_birch" file="sklearn/cluster/tests/test_birch.py" line="52" name="test_birch_predict" time="0.009"></testcase><testcase classname="sklearn.cluster.tests.test_birch" file="sklearn/cluster/tests/test_birch.py" line="70" name="test_n_clusters" time="0.016"></testcase><testcase classname="sklearn.cluster.tests.test_birch" file="sklearn/cluster/tests/test_birch.py" line="97" name="test_sparse_X" time="0.014"></testcase><testcase classname="sklearn.cluster.tests.test_birch" file="sklearn/cluster/tests/test_birch.py" line="112" name="test_partial_fit_second_call_error_checks" time="0.007"></testcase><testcase classname="sklearn.cluster.tests.test_birch" file="sklearn/cluster/tests/test_birch.py" line="132" name="test_branching_factor" time="0.047"></testcase><testcase classname="sklearn.cluster.tests.test_birch" file="sklearn/cluster/tests/test_birch.py" line="163" name="test_threshold" time="0.009"></testcase><testcase classname="sklearn.cluster.tests.test_birch" file="sklearn/cluster/tests/test_birch.py" line="175" name="test_birch_n_clusters_long_int" time="0.005"></testcase><testcase classname="sklearn.cluster.tests.test_dbscan" file="sklearn/cluster/tests/test_dbscan.py" line="27" name="test_dbscan_similarity" time="0.003"></testcase><testcase classname="sklearn.cluster.tests.test_dbscan" file="sklearn/cluster/tests/test_dbscan.py" line="50" name="test_dbscan_feature" time="0.006"></testcase><testcase classname="sklearn.cluster.tests.test_dbscan" file="sklearn/cluster/tests/test_dbscan.py" line="73" name="test_dbscan_sparse" time="0.009"></testcase><testcase classname="sklearn.cluster.tests.test_dbscan" file="sklearn/cluster/tests/test_dbscan.py" line="81" name="test_dbscan_sparse_precomputed[False]" time="0.013"></testcase><testcase classname="sklearn.cluster.tests.test_dbscan" file="sklearn/cluster/tests/test_dbscan.py" line="81" name="test_dbscan_sparse_precomputed[True]" time="0.007"></testcase><testcase classname="sklearn.cluster.tests.test_dbscan" file="sklearn/cluster/tests/test_dbscan.py" line="99" name="test_dbscan_sparse_precomputed_different_eps" time="0.013"></testcase><testcase classname="sklearn.cluster.tests.test_dbscan" file="sklearn/cluster/tests/test_dbscan.py" line="116" name="test_dbscan_input_not_modified[precomputed-True]" time="0.006"></testcase><testcase classname="sklearn.cluster.tests.test_dbscan" file="sklearn/cluster/tests/test_dbscan.py" line="116" name="test_dbscan_input_not_modified[precomputed-False]" time="0.002"></testcase><testcase classname="sklearn.cluster.tests.test_dbscan" file="sklearn/cluster/tests/test_dbscan.py" line="116" name="test_dbscan_input_not_modified[minkowski-True]" time="0.006"></testcase><testcase classname="sklearn.cluster.tests.test_dbscan" file="sklearn/cluster/tests/test_dbscan.py" line="116" name="test_dbscan_input_not_modified[minkowski-False]" time="0.003"></testcase><testcase classname="sklearn.cluster.tests.test_dbscan" file="sklearn/cluster/tests/test_dbscan.py" line="131" name="test_dbscan_no_core_samples" time="0.005"></testcase><testcase classname="sklearn.cluster.tests.test_dbscan" file="sklearn/cluster/tests/test_dbscan.py" line="143" name="test_dbscan_callable" time="0.190"></testcase><testcase classname="sklearn.cluster.tests.test_dbscan" file="sklearn/cluster/tests/test_dbscan.py" line="169" name="test_dbscan_metric_params" time="0.007"></testcase><testcase classname="sklearn.cluster.tests.test_dbscan" file="sklearn/cluster/tests/test_dbscan.py" line="215" name="test_dbscan_balltree" time="0.014"></testcase><testcase classname="sklearn.cluster.tests.test_dbscan" file="sklearn/cluster/tests/test_dbscan.py" line="254" name="test_input_validation" time="0.004"></testcase><testcase classname="sklearn.cluster.tests.test_dbscan" file="sklearn/cluster/tests/test_dbscan.py" line="260" name="test_dbscan_badargs[args0]" time="0.003"></testcase><testcase classname="sklearn.cluster.tests.test_dbscan" file="sklearn/cluster/tests/test_dbscan.py" line="260" name="test_dbscan_badargs[args1]" time="0.002"></testcase><testcase classname="sklearn.cluster.tests.test_dbscan" file="sklearn/cluster/tests/test_dbscan.py" line="260" name="test_dbscan_badargs[args2]" time="0.002"></testcase><testcase classname="sklearn.cluster.tests.test_dbscan" file="sklearn/cluster/tests/test_dbscan.py" line="260" name="test_dbscan_badargs[args3]" time="0.004"></testcase><testcase classname="sklearn.cluster.tests.test_dbscan" file="sklearn/cluster/tests/test_dbscan.py" line="260" name="test_dbscan_badargs[args4]" time="0.003"></testcase><testcase classname="sklearn.cluster.tests.test_dbscan" file="sklearn/cluster/tests/test_dbscan.py" line="271" name="test_pickle" time="0.003"></testcase><testcase classname="sklearn.cluster.tests.test_dbscan" file="sklearn/cluster/tests/test_dbscan.py" line="277" name="test_boundaries" time="0.004"></testcase><testcase classname="sklearn.cluster.tests.test_dbscan" file="sklearn/cluster/tests/test_dbscan.py" line="288" name="test_weighted_dbscan" time="0.036"></testcase><testcase classname="sklearn.cluster.tests.test_dbscan" file="sklearn/cluster/tests/test_dbscan.py" line="354" name="test_dbscan_core_samples_toy[brute]" time="0.007"></testcase><testcase classname="sklearn.cluster.tests.test_dbscan" file="sklearn/cluster/tests/test_dbscan.py" line="354" name="test_dbscan_core_samples_toy[kd_tree]" time="0.012"></testcase><testcase classname="sklearn.cluster.tests.test_dbscan" file="sklearn/cluster/tests/test_dbscan.py" line="354" name="test_dbscan_core_samples_toy[ball_tree]" time="0.013"></testcase><testcase classname="sklearn.cluster.tests.test_dbscan" file="sklearn/cluster/tests/test_dbscan.py" line="388" name="test_dbscan_precomputed_metric_with_degenerate_input_arrays" time="0.003"></testcase><testcase classname="sklearn.cluster.tests.test_dbscan" file="sklearn/cluster/tests/test_dbscan.py" line="400" name="test_dbscan_precomputed_metric_with_initial_rows_zero" time="0.018"></testcase><testcase classname="sklearn.cluster.tests.test_feature_agglomeration" file="sklearn/cluster/tests/test_feature_agglomeration.py" line="10" name="test_feature_agglomeration" time="0.006"></testcase><testcase classname="sklearn.cluster.tests.test_hierarchical" file="sklearn/cluster/tests/test_hierarchical.py" line="39" name="test_linkage_misc" time="0.012"></testcase><testcase classname="sklearn.cluster.tests.test_hierarchical" file="sklearn/cluster/tests/test_hierarchical.py" line="66" name="test_structured_linkage_tree" time="0.058"></testcase><testcase classname="sklearn.cluster.tests.test_hierarchical" file="sklearn/cluster/tests/test_hierarchical.py" line="88" name="test_unstructured_linkage_tree" time="0.012"></testcase><testcase classname="sklearn.cluster.tests.test_hierarchical" file="sklearn/cluster/tests/test_hierarchical.py" line="111" name="test_height_linkage_tree" time="0.052"></testcase><testcase classname="sklearn.cluster.tests.test_hierarchical" file="sklearn/cluster/tests/test_hierarchical.py" line="124" name="test_agglomerative_clustering_wrong_arg_memory" time="0.003"></testcase><testcase classname="sklearn.cluster.tests.test_hierarchical" file="sklearn/cluster/tests/test_hierarchical.py" line="136" name="test_zero_cosine_linkage_tree" time="0.001"></testcase><testcase classname="sklearn.cluster.tests.test_hierarchical" file="sklearn/cluster/tests/test_hierarchical.py" line="145" name="test_agglomerative_clustering_distances[ward-True-None-0.5]" time="0.014"></testcase><testcase classname="sklearn.cluster.tests.test_hierarchical" file="sklearn/cluster/tests/test_hierarchical.py" line="145" name="test_agglomerative_clustering_distances[ward-True-10-None]" time="0.016"></testcase><testcase classname="sklearn.cluster.tests.test_hierarchical" file="sklearn/cluster/tests/test_hierarchical.py" line="145" name="test_agglomerative_clustering_distances[ward-False-None-0.5]" time="0.023"></testcase><testcase classname="sklearn.cluster.tests.test_hierarchical" file="sklearn/cluster/tests/test_hierarchical.py" line="145" name="test_agglomerative_clustering_distances[ward-False-10-None]" time="0.017"></testcase><testcase classname="sklearn.cluster.tests.test_hierarchical" file="sklearn/cluster/tests/test_hierarchical.py" line="145" name="test_agglomerative_clustering_distances[complete-True-None-0.5]" time="0.021"></testcase><testcase classname="sklearn.cluster.tests.test_hierarchical" file="sklearn/cluster/tests/test_hierarchical.py" line="145" name="test_agglomerative_clustering_distances[complete-True-10-None]" time="0.022"></testcase><testcase classname="sklearn.cluster.tests.test_hierarchical" file="sklearn/cluster/tests/test_hierarchical.py" line="145" name="test_agglomerative_clustering_distances[complete-False-None-0.5]" time="0.020"></testcase><testcase classname="sklearn.cluster.tests.test_hierarchical" file="sklearn/cluster/tests/test_hierarchical.py" line="145" name="test_agglomerative_clustering_distances[complete-False-10-None]" time="0.020"></testcase><testcase classname="sklearn.cluster.tests.test_hierarchical" file="sklearn/cluster/tests/test_hierarchical.py" line="145" name="test_agglomerative_clustering_distances[average-True-None-0.5]" time="0.019"></testcase><testcase classname="sklearn.cluster.tests.test_hierarchical" file="sklearn/cluster/tests/test_hierarchical.py" line="145" name="test_agglomerative_clustering_distances[average-True-10-None]" time="0.026"></testcase><testcase classname="sklearn.cluster.tests.test_hierarchical" file="sklearn/cluster/tests/test_hierarchical.py" line="145" name="test_agglomerative_clustering_distances[average-False-None-0.5]" time="0.023"></testcase><testcase classname="sklearn.cluster.tests.test_hierarchical" file="sklearn/cluster/tests/test_hierarchical.py" line="145" name="test_agglomerative_clustering_distances[average-False-10-None]" time="0.021"></testcase><testcase classname="sklearn.cluster.tests.test_hierarchical" file="sklearn/cluster/tests/test_hierarchical.py" line="145" name="test_agglomerative_clustering_distances[single-True-None-0.5]" time="0.010"></testcase><testcase classname="sklearn.cluster.tests.test_hierarchical" file="sklearn/cluster/tests/test_hierarchical.py" line="145" name="test_agglomerative_clustering_distances[single-True-10-None]" time="0.014"></testcase><testcase classname="sklearn.cluster.tests.test_hierarchical" file="sklearn/cluster/tests/test_hierarchical.py" line="145" name="test_agglomerative_clustering_distances[single-False-None-0.5]" time="0.020"></testcase><testcase classname="sklearn.cluster.tests.test_hierarchical" file="sklearn/cluster/tests/test_hierarchical.py" line="145" name="test_agglomerative_clustering_distances[single-False-10-None]" time="0.013"></testcase><testcase classname="sklearn.cluster.tests.test_hierarchical" file="sklearn/cluster/tests/test_hierarchical.py" line="176" name="test_agglomerative_clustering" time="0.302"></testcase><testcase classname="sklearn.cluster.tests.test_hierarchical" file="sklearn/cluster/tests/test_hierarchical.py" line="266" name="test_ward_agglomeration" time="0.008"></testcase><testcase classname="sklearn.cluster.tests.test_hierarchical" file="sklearn/cluster/tests/test_hierarchical.py" line="287" name="test_single_linkage_clustering" time="0.006"></testcase><testcase classname="sklearn.cluster.tests.test_hierarchical" file="sklearn/cluster/tests/test_hierarchical.py" line="315" name="test_sparse_scikit_vs_scipy" time="0.046"></testcase><testcase classname="sklearn.cluster.tests.test_hierarchical" file="sklearn/cluster/tests/test_hierarchical.py" line="352" name="test_vector_scikit_single_vs_scipy_single[0]" time="0.002"></testcase><testcase classname="sklearn.cluster.tests.test_hierarchical" file="sklearn/cluster/tests/test_hierarchical.py" line="352" name="test_vector_scikit_single_vs_scipy_single[1]" time="0.002"></testcase><testcase classname="sklearn.cluster.tests.test_hierarchical" file="sklearn/cluster/tests/test_hierarchical.py" line="352" name="test_vector_scikit_single_vs_scipy_single[2]" time="0.003"></testcase><testcase classname="sklearn.cluster.tests.test_hierarchical" file="sklearn/cluster/tests/test_hierarchical.py" line="352" name="test_vector_scikit_single_vs_scipy_single[3]" time="0.002"></testcase><testcase classname="sklearn.cluster.tests.test_hierarchical" file="sklearn/cluster/tests/test_hierarchical.py" line="352" name="test_vector_scikit_single_vs_scipy_single[4]" time="0.003"></testcase><testcase classname="sklearn.cluster.tests.test_hierarchical" file="sklearn/cluster/tests/test_hierarchical.py" line="377" name="test_identical_points" time="0.031"></testcase><testcase classname="sklearn.cluster.tests.test_hierarchical" file="sklearn/cluster/tests/test_hierarchical.py" line="400" name="test_connectivity_propagation" time="0.005"></testcase><testcase classname="sklearn.cluster.tests.test_hierarchical" file="sklearn/cluster/tests/test_hierarchical.py" line="416" name="test_ward_tree_children_order" time="0.020"></testcase><testcase classname="sklearn.cluster.tests.test_hierarchical" file="sklearn/cluster/tests/test_hierarchical.py" line="436" name="test_ward_linkage_tree_return_distance" time="0.090"></testcase><testcase classname="sklearn.cluster.tests.test_hierarchical" file="sklearn/cluster/tests/test_hierarchical.py" line="543" name="test_connectivity_fixing_non_lil" time="0.003"></testcase><testcase classname="sklearn.cluster.tests.test_hierarchical" file="sklearn/cluster/tests/test_hierarchical.py" line="555" name="test_int_float_dict" time="0.001"></testcase><testcase classname="sklearn.cluster.tests.test_hierarchical" file="sklearn/cluster/tests/test_hierarchical.py" line="572" name="test_connectivity_callable" time="0.012"></testcase><testcase classname="sklearn.cluster.tests.test_hierarchical" file="sklearn/cluster/tests/test_hierarchical.py" line="585" name="test_connectivity_ignores_diagonal" time="0.009"></testcase><testcase classname="sklearn.cluster.tests.test_hierarchical" file="sklearn/cluster/tests/test_hierarchical.py" line="597" name="test_compute_full_tree" time="0.026"></testcase><testcase classname="sklearn.cluster.tests.test_hierarchical" file="sklearn/cluster/tests/test_hierarchical.py" line="624" name="test_n_components" time="0.031"></testcase><testcase classname="sklearn.cluster.tests.test_hierarchical" file="sklearn/cluster/tests/test_hierarchical.py" line="636" name="test_agg_n_clusters" time="0.002"></testcase><testcase classname="sklearn.cluster.tests.test_hierarchical" file="sklearn/cluster/tests/test_hierarchical.py" line="648" name="test_affinity_passed_to_fix_connectivity" time="0.004"></testcase><testcase classname="sklearn.cluster.tests.test_hierarchical" file="sklearn/cluster/tests/test_hierarchical.py" line="675" name="test_agglomerative_clustering_with_distance_threshold[ward]" time="0.024"></testcase><testcase classname="sklearn.cluster.tests.test_hierarchical" file="sklearn/cluster/tests/test_hierarchical.py" line="675" name="test_agglomerative_clustering_with_distance_threshold[complete]" time="0.023"></testcase><testcase classname="sklearn.cluster.tests.test_hierarchical" file="sklearn/cluster/tests/test_hierarchical.py" line="675" name="test_agglomerative_clustering_with_distance_threshold[average]" time="0.025"></testcase><testcase classname="sklearn.cluster.tests.test_hierarchical" file="sklearn/cluster/tests/test_hierarchical.py" line="712" name="test_small_distance_threshold" time="0.003"></testcase><testcase classname="sklearn.cluster.tests.test_hierarchical" file="sklearn/cluster/tests/test_hierarchical.py" line="730" name="test_cluster_distances_with_distance_threshold" time="0.007"></testcase><testcase classname="sklearn.cluster.tests.test_hierarchical" file="sklearn/cluster/tests/test_hierarchical.py" line="756" name="test_agglomerative_clustering_with_distance_threshold_edge_case[0.5-y_true0-ward]" time="0.002"></testcase><testcase classname="sklearn.cluster.tests.test_hierarchical" file="sklearn/cluster/tests/test_hierarchical.py" line="756" name="test_agglomerative_clustering_with_distance_threshold_edge_case[0.5-y_true0-complete]" time="0.002"></testcase><testcase classname="sklearn.cluster.tests.test_hierarchical" file="sklearn/cluster/tests/test_hierarchical.py" line="756" name="test_agglomerative_clustering_with_distance_threshold_edge_case[0.5-y_true0-average]" time="0.002"></testcase><testcase classname="sklearn.cluster.tests.test_hierarchical" file="sklearn/cluster/tests/test_hierarchical.py" line="756" name="test_agglomerative_clustering_with_distance_threshold_edge_case[1.0-y_true1-ward]" time="0.004"></testcase><testcase classname="sklearn.cluster.tests.test_hierarchical" file="sklearn/cluster/tests/test_hierarchical.py" line="756" name="test_agglomerative_clustering_with_distance_threshold_edge_case[1.0-y_true1-complete]" time="0.002"></testcase><testcase classname="sklearn.cluster.tests.test_hierarchical" file="sklearn/cluster/tests/test_hierarchical.py" line="756" name="test_agglomerative_clustering_with_distance_threshold_edge_case[1.0-y_true1-average]" time="0.003"></testcase><testcase classname="sklearn.cluster.tests.test_hierarchical" file="sklearn/cluster/tests/test_hierarchical.py" line="756" name="test_agglomerative_clustering_with_distance_threshold_edge_case[1.5-y_true2-ward]" time="0.003"></testcase><testcase classname="sklearn.cluster.tests.test_hierarchical" file="sklearn/cluster/tests/test_hierarchical.py" line="756" name="test_agglomerative_clustering_with_distance_threshold_edge_case[1.5-y_true2-complete]" time="0.003"></testcase><testcase classname="sklearn.cluster.tests.test_hierarchical" file="sklearn/cluster/tests/test_hierarchical.py" line="756" name="test_agglomerative_clustering_with_distance_threshold_edge_case[1.5-y_true2-average]" time="0.002"></testcase><testcase classname="sklearn.cluster.tests.test_hierarchical" file="sklearn/cluster/tests/test_hierarchical.py" line="771" name="test_dist_threshold_invalid_parameters" time="0.004"></testcase><testcase classname="sklearn.cluster.tests.test_hierarchical" file="sklearn/cluster/tests/test_hierarchical.py" line="788" name="test_invalid_shape_precomputed_dist_matrix" time="0.003"></testcase><testcase classname="sklearn.cluster.tests.test_k_means" file="sklearn/cluster/tests/test_k_means.py" line="49" name="test_kmeans_results[float32-full-dense]" time="0.050"></testcase><testcase classname="sklearn.cluster.tests.test_k_means" file="sklearn/cluster/tests/test_k_means.py" line="49" name="test_kmeans_results[float32-full-sparse]" time="0.009"></testcase><testcase classname="sklearn.cluster.tests.test_k_means" file="sklearn/cluster/tests/test_k_means.py" line="49" name="test_kmeans_results[float32-elkan-dense]" time="0.003"></testcase><testcase classname="sklearn.cluster.tests.test_k_means" file="sklearn/cluster/tests/test_k_means.py" line="49" name="test_kmeans_results[float32-elkan-sparse]" time="0.004"></testcase><testcase classname="sklearn.cluster.tests.test_k_means" file="sklearn/cluster/tests/test_k_means.py" line="49" name="test_kmeans_results[float64-full-dense]" time="0.005"></testcase><testcase classname="sklearn.cluster.tests.test_k_means" file="sklearn/cluster/tests/test_k_means.py" line="49" name="test_kmeans_results[float64-full-sparse]" time="0.009"></testcase><testcase classname="sklearn.cluster.tests.test_k_means" file="sklearn/cluster/tests/test_k_means.py" line="49" name="test_kmeans_results[float64-elkan-dense]" time="0.003"></testcase><testcase classname="sklearn.cluster.tests.test_k_means" file="sklearn/cluster/tests/test_k_means.py" line="49" name="test_kmeans_results[float64-elkan-sparse]" time="0.006"></testcase><testcase classname="sklearn.cluster.tests.test_k_means" file="sklearn/cluster/tests/test_k_means.py" line="74" name="test_kmeans_relocated_clusters[full-dense]" time="0.004"></testcase><testcase classname="sklearn.cluster.tests.test_k_means" file="sklearn/cluster/tests/test_k_means.py" line="74" name="test_kmeans_relocated_clusters[full-sparse]" time="0.008"></testcase><testcase classname="sklearn.cluster.tests.test_k_means" file="sklearn/cluster/tests/test_k_means.py" line="74" name="test_kmeans_relocated_clusters[elkan-dense]" time="0.003"></testcase><testcase classname="sklearn.cluster.tests.test_k_means" file="sklearn/cluster/tests/test_k_means.py" line="74" name="test_kmeans_relocated_clusters[elkan-sparse]" time="0.005"></testcase><testcase classname="sklearn.cluster.tests.test_k_means" file="sklearn/cluster/tests/test_k_means.py" line="98" name="test_relocate_empty_clusters[dense]" time="0.002"></testcase><testcase classname="sklearn.cluster.tests.test_k_means" file="sklearn/cluster/tests/test_k_means.py" line="98" name="test_relocate_empty_clusters[sparse]" time="0.003"></testcase><testcase classname="sklearn.cluster.tests.test_k_means" file="sklearn/cluster/tests/test_k_means.py" line="135" name="test_kmeans_elkan_results[0.01-dense-normal]" time="0.042"></testcase><testcase classname="sklearn.cluster.tests.test_k_means" file="sklearn/cluster/tests/test_k_means.py" line="135" name="test_kmeans_elkan_results[0.01-dense-blobs]" time="0.022"></testcase><testcase classname="sklearn.cluster.tests.test_k_means" file="sklearn/cluster/tests/test_k_means.py" line="135" name="test_kmeans_elkan_results[0.01-sparse-normal]" time="0.071"></testcase><testcase classname="sklearn.cluster.tests.test_k_means" file="sklearn/cluster/tests/test_k_means.py" line="135" name="test_kmeans_elkan_results[0.01-sparse-blobs]" time="0.036"></testcase><testcase classname="sklearn.cluster.tests.test_k_means" file="sklearn/cluster/tests/test_k_means.py" line="135" name="test_kmeans_elkan_results[1e-08-dense-normal]" time="0.083"></testcase><testcase classname="sklearn.cluster.tests.test_k_means" file="sklearn/cluster/tests/test_k_means.py" line="135" name="test_kmeans_elkan_results[1e-08-dense-blobs]" time="0.017"></testcase><testcase classname="sklearn.cluster.tests.test_k_means" file="sklearn/cluster/tests/test_k_means.py" line="135" name="test_kmeans_elkan_results[1e-08-sparse-normal]" time="0.100"></testcase><testcase classname="sklearn.cluster.tests.test_k_means" file="sklearn/cluster/tests/test_k_means.py" line="135" name="test_kmeans_elkan_results[1e-08-sparse-blobs]" time="0.021"></testcase><testcase classname="sklearn.cluster.tests.test_k_means" file="sklearn/cluster/tests/test_k_means.py" line="135" name="test_kmeans_elkan_results[1e-100-dense-normal]" time="0.068"></testcase><testcase classname="sklearn.cluster.tests.test_k_means" file="sklearn/cluster/tests/test_k_means.py" line="135" name="test_kmeans_elkan_results[1e-100-dense-blobs]" time="0.011"></testcase><testcase classname="sklearn.cluster.tests.test_k_means" file="sklearn/cluster/tests/test_k_means.py" line="135" name="test_kmeans_elkan_results[1e-100-sparse-normal]" time="0.091"></testcase><testcase classname="sklearn.cluster.tests.test_k_means" file="sklearn/cluster/tests/test_k_means.py" line="135" name="test_kmeans_elkan_results[1e-100-sparse-blobs]" time="0.021"></testcase><testcase classname="sklearn.cluster.tests.test_k_means" file="sklearn/cluster/tests/test_k_means.py" line="135" name="test_kmeans_elkan_results[0-dense-normal]" time="0.065"></testcase><testcase classname="sklearn.cluster.tests.test_k_means" file="sklearn/cluster/tests/test_k_means.py" line="135" name="test_kmeans_elkan_results[0-dense-blobs]" time="0.010"></testcase><testcase classname="sklearn.cluster.tests.test_k_means" file="sklearn/cluster/tests/test_k_means.py" line="135" name="test_kmeans_elkan_results[0-sparse-normal]" time="0.090"></testcase><testcase classname="sklearn.cluster.tests.test_k_means" file="sklearn/cluster/tests/test_k_means.py" line="135" name="test_kmeans_elkan_results[0-sparse-blobs]" time="0.024"></testcase><testcase classname="sklearn.cluster.tests.test_k_means" file="sklearn/cluster/tests/test_k_means.py" line="162" name="test_kmeans_convergence[full]" time="0.042"></testcase><testcase classname="sklearn.cluster.tests.test_k_means" file="sklearn/cluster/tests/test_k_means.py" line="162" name="test_kmeans_convergence[elkan]" time="0.054"></testcase><testcase classname="sklearn.cluster.tests.test_k_means" file="sklearn/cluster/tests/test_k_means.py" line="175" name="test_minibatch_update_consistency" time="0.003"></testcase><testcase classname="sklearn.cluster.tests.test_k_means" file="sklearn/cluster/tests/test_k_means.py" line="256" name="test_all_init[KMeans-random-dense]" time="0.017"></testcase><testcase classname="sklearn.cluster.tests.test_k_means" file="sklearn/cluster/tests/test_k_means.py" line="256" name="test_all_init[KMeans-random-sparse]" time="0.025"></testcase><testcase classname="sklearn.cluster.tests.test_k_means" file="sklearn/cluster/tests/test_k_means.py" line="256" name="test_all_init[KMeans-k-means++-dense]" time="0.025"></testcase><testcase classname="sklearn.cluster.tests.test_k_means" file="sklearn/cluster/tests/test_k_means.py" line="256" name="test_all_init[KMeans-k-means++-sparse]" time="0.052"></testcase><testcase classname="sklearn.cluster.tests.test_k_means" file="sklearn/cluster/tests/test_k_means.py" line="256" name="test_all_init[KMeans-ndarray-dense]" time="0.004"></testcase><testcase classname="sklearn.cluster.tests.test_k_means" file="sklearn/cluster/tests/test_k_means.py" line="256" name="test_all_init[KMeans-ndarray-sparse]" time="0.005"></testcase><testcase classname="sklearn.cluster.tests.test_k_means" file="sklearn/cluster/tests/test_k_means.py" line="256" name="test_all_init[KMeans-callable-dense]" time="0.006"></testcase><testcase classname="sklearn.cluster.tests.test_k_means" file="sklearn/cluster/tests/test_k_means.py" line="256" name="test_all_init[KMeans-callable-sparse]" time="0.005"></testcase><testcase classname="sklearn.cluster.tests.test_k_means" file="sklearn/cluster/tests/test_k_means.py" line="256" name="test_all_init[MiniBatchKMeans-random-dense]" time="0.019"></testcase><testcase classname="sklearn.cluster.tests.test_k_means" file="sklearn/cluster/tests/test_k_means.py" line="256" name="test_all_init[MiniBatchKMeans-random-sparse]" time="0.024"></testcase><testcase classname="sklearn.cluster.tests.test_k_means" file="sklearn/cluster/tests/test_k_means.py" line="256" name="test_all_init[MiniBatchKMeans-k-means++-dense]" time="0.040"></testcase><testcase classname="sklearn.cluster.tests.test_k_means" file="sklearn/cluster/tests/test_k_means.py" line="256" name="test_all_init[MiniBatchKMeans-k-means++-sparse]" time="0.061"></testcase><testcase classname="sklearn.cluster.tests.test_k_means" file="sklearn/cluster/tests/test_k_means.py" line="256" name="test_all_init[MiniBatchKMeans-ndarray-dense]" time="0.007"></testcase><testcase classname="sklearn.cluster.tests.test_k_means" file="sklearn/cluster/tests/test_k_means.py" line="256" name="test_all_init[MiniBatchKMeans-ndarray-sparse]" time="0.010"></testcase><testcase classname="sklearn.cluster.tests.test_k_means" file="sklearn/cluster/tests/test_k_means.py" line="256" name="test_all_init[MiniBatchKMeans-callable-dense]" time="0.011"></testcase><testcase classname="sklearn.cluster.tests.test_k_means" file="sklearn/cluster/tests/test_k_means.py" line="256" name="test_all_init[MiniBatchKMeans-callable-sparse]" time="0.010"></testcase><testcase classname="sklearn.cluster.tests.test_k_means" file="sklearn/cluster/tests/test_k_means.py" line="269" name="test_minibatch_kmeans_partial_fit_init[random]" time="0.088"></testcase><testcase classname="sklearn.cluster.tests.test_k_means" file="sklearn/cluster/tests/test_k_means.py" line="269" name="test_minibatch_kmeans_partial_fit_init[k-means++]" time="0.073"></testcase><testcase classname="sklearn.cluster.tests.test_k_means" file="sklearn/cluster/tests/test_k_means.py" line="269" name="test_minibatch_kmeans_partial_fit_init[ndarray]" time="0.073"></testcase><testcase classname="sklearn.cluster.tests.test_k_means" file="sklearn/cluster/tests/test_k_means.py" line="269" name="test_minibatch_kmeans_partial_fit_init[callable]" time="0.073"></testcase><testcase classname="sklearn.cluster.tests.test_k_means" file="sklearn/cluster/tests/test_k_means.py" line="281" name="test_fortran_aligned_data[KMeans]" time="0.003"></testcase><testcase classname="sklearn.cluster.tests.test_k_means" file="sklearn/cluster/tests/test_k_means.py" line="281" name="test_fortran_aligned_data[MiniBatchKMeans]" time="0.013"></testcase><testcase classname="sklearn.cluster.tests.test_k_means" file="sklearn/cluster/tests/test_k_means.py" line="295" name="test_k_means_fit_predict[0-2-1e-07-asarray-float32-full]" time="0.002"><skipped message="Known failures on MacOS, See https://github.com/scikit-learn/scikit-learn/issues/12644" type="pytest.xfail"></skipped></testcase><testcase classname="sklearn.cluster.tests.test_k_means" file="sklearn/cluster/tests/test_k_means.py" line="295" name="test_k_means_fit_predict[0-2-1e-07-asarray-float32-elkan]" time="0.002"><skipped message="Known failures on MacOS, See https://github.com/scikit-learn/scikit-learn/issues/12644" type="pytest.xfail"></skipped></testcase><testcase classname="sklearn.cluster.tests.test_k_means" file="sklearn/cluster/tests/test_k_means.py" line="295" name="test_k_means_fit_predict[0-2-1e-07-asarray-float64-full]" time="0.001"><skipped message="Known failures on MacOS, See https://github.com/scikit-learn/scikit-learn/issues/12644" type="pytest.xfail"></skipped></testcase><testcase classname="sklearn.cluster.tests.test_k_means" file="sklearn/cluster/tests/test_k_means.py" line="295" name="test_k_means_fit_predict[0-2-1e-07-asarray-float64-elkan]" time="0.001"><skipped message="Known failures on MacOS, See https://github.com/scikit-learn/scikit-learn/issues/12644" type="pytest.xfail"></skipped></testcase><testcase classname="sklearn.cluster.tests.test_k_means" file="sklearn/cluster/tests/test_k_means.py" line="295" name="test_k_means_fit_predict[0-2-1e-07-csr_matrix-float32-full]" time="0.002"><skipped message="Known failures on MacOS, See https://github.com/scikit-learn/scikit-learn/issues/12644" type="pytest.xfail"></skipped></testcase><testcase classname="sklearn.cluster.tests.test_k_means" file="sklearn/cluster/tests/test_k_means.py" line="295" name="test_k_means_fit_predict[0-2-1e-07-csr_matrix-float32-elkan]" time="0.004"><skipped message="Known failures on MacOS, See https://github.com/scikit-learn/scikit-learn/issues/12644" type="pytest.xfail"></skipped></testcase><testcase classname="sklearn.cluster.tests.test_k_means" file="sklearn/cluster/tests/test_k_means.py" line="295" name="test_k_means_fit_predict[0-2-1e-07-csr_matrix-float64-full]" time="0.001"><skipped message="Known failures on MacOS, See https://github.com/scikit-learn/scikit-learn/issues/12644" type="pytest.xfail"></skipped></testcase><testcase classname="sklearn.cluster.tests.test_k_means" file="sklearn/cluster/tests/test_k_means.py" line="295" name="test_k_means_fit_predict[0-2-1e-07-csr_matrix-float64-elkan]" time="0.003"><skipped message="Known failures on MacOS, See https://github.com/scikit-learn/scikit-learn/issues/12644" type="pytest.xfail"></skipped></testcase><testcase classname="sklearn.cluster.tests.test_k_means" file="sklearn/cluster/tests/test_k_means.py" line="295" name="test_k_means_fit_predict[1-2-0.1-asarray-float32-full]" time="0.001"><skipped message="Known failures on MacOS, See https://github.com/scikit-learn/scikit-learn/issues/12644" type="pytest.xfail"></skipped></testcase><testcase classname="sklearn.cluster.tests.test_k_means" file="sklearn/cluster/tests/test_k_means.py" line="295" name="test_k_means_fit_predict[1-2-0.1-asarray-float32-elkan]" time="0.001"><skipped message="Known failures on MacOS, See https://github.com/scikit-learn/scikit-learn/issues/12644" type="pytest.xfail"></skipped></testcase><testcase classname="sklearn.cluster.tests.test_k_means" file="sklearn/cluster/tests/test_k_means.py" line="295" name="test_k_means_fit_predict[1-2-0.1-asarray-float64-full]" time="0.001"><skipped message="Known failures on MacOS, See https://github.com/scikit-learn/scikit-learn/issues/12644" type="pytest.xfail"></skipped></testcase><testcase classname="sklearn.cluster.tests.test_k_means" file="sklearn/cluster/tests/test_k_means.py" line="295" name="test_k_means_fit_predict[1-2-0.1-asarray-float64-elkan]" time="0.001"><skipped message="Known failures on MacOS, See https://github.com/scikit-learn/scikit-learn/issues/12644" type="pytest.xfail"></skipped></testcase><testcase classname="sklearn.cluster.tests.test_k_means" file="sklearn/cluster/tests/test_k_means.py" line="295" name="test_k_means_fit_predict[1-2-0.1-csr_matrix-float32-full]" time="0.001"><skipped message="Known failures on MacOS, See https://github.com/scikit-learn/scikit-learn/issues/12644" type="pytest.xfail"></skipped></testcase><testcase classname="sklearn.cluster.tests.test_k_means" file="sklearn/cluster/tests/test_k_means.py" line="295" name="test_k_means_fit_predict[1-2-0.1-csr_matrix-float32-elkan]" time="0.004"><skipped message="Known failures on MacOS, See https://github.com/scikit-learn/scikit-learn/issues/12644" type="pytest.xfail"></skipped></testcase><testcase classname="sklearn.cluster.tests.test_k_means" file="sklearn/cluster/tests/test_k_means.py" line="295" name="test_k_means_fit_predict[1-2-0.1-csr_matrix-float64-full]" time="0.002"><skipped message="Known failures on MacOS, See https://github.com/scikit-learn/scikit-learn/issues/12644" type="pytest.xfail"></skipped></testcase><testcase classname="sklearn.cluster.tests.test_k_means" file="sklearn/cluster/tests/test_k_means.py" line="295" name="test_k_means_fit_predict[1-2-0.1-csr_matrix-float64-elkan]" time="0.001"><skipped message="Known failures on MacOS, See https://github.com/scikit-learn/scikit-learn/issues/12644" type="pytest.xfail"></skipped></testcase><testcase classname="sklearn.cluster.tests.test_k_means" file="sklearn/cluster/tests/test_k_means.py" line="295" name="test_k_means_fit_predict[3-300-1e-07-asarray-float32-full]" time="0.002"><skipped message="Known failures on MacOS, See https://github.com/scikit-learn/scikit-learn/issues/12644" type="pytest.xfail"></skipped></testcase><testcase classname="sklearn.cluster.tests.test_k_means" file="sklearn/cluster/tests/test_k_means.py" line="295" name="test_k_means_fit_predict[3-300-1e-07-asarray-float32-elkan]" time="0.002"><skipped message="Known failures on MacOS, See https://github.com/scikit-learn/scikit-learn/issues/12644" type="pytest.xfail"></skipped></testcase><testcase classname="sklearn.cluster.tests.test_k_means" file="sklearn/cluster/tests/test_k_means.py" line="295" name="test_k_means_fit_predict[3-300-1e-07-asarray-float64-full]" time="0.001"><skipped message="Known failures on MacOS, See https://github.com/scikit-learn/scikit-learn/issues/12644" type="pytest.xfail"></skipped></testcase><testcase classname="sklearn.cluster.tests.test_k_means" file="sklearn/cluster/tests/test_k_means.py" line="295" name="test_k_means_fit_predict[3-300-1e-07-asarray-float64-elkan]" time="0.001"><skipped message="Known failures on MacOS, See https://github.com/scikit-learn/scikit-learn/issues/12644" type="pytest.xfail"></skipped></testcase><testcase classname="sklearn.cluster.tests.test_k_means" file="sklearn/cluster/tests/test_k_means.py" line="295" name="test_k_means_fit_predict[3-300-1e-07-csr_matrix-float32-full]" time="0.001"><skipped message="Known failures on MacOS, See https://github.com/scikit-learn/scikit-learn/issues/12644" type="pytest.xfail"></skipped></testcase><testcase classname="sklearn.cluster.tests.test_k_means" file="sklearn/cluster/tests/test_k_means.py" line="295" name="test_k_means_fit_predict[3-300-1e-07-csr_matrix-float32-elkan]" time="0.001"><skipped message="Known failures on MacOS, See https://github.com/scikit-learn/scikit-learn/issues/12644" type="pytest.xfail"></skipped></testcase><testcase classname="sklearn.cluster.tests.test_k_means" file="sklearn/cluster/tests/test_k_means.py" line="295" name="test_k_means_fit_predict[3-300-1e-07-csr_matrix-float64-full]" time="0.001"><skipped message="Known failures on MacOS, See https://github.com/scikit-learn/scikit-learn/issues/12644" type="pytest.xfail"></skipped></testcase><testcase classname="sklearn.cluster.tests.test_k_means" file="sklearn/cluster/tests/test_k_means.py" line="295" name="test_k_means_fit_predict[3-300-1e-07-csr_matrix-float64-elkan]" time="0.001"><skipped message="Known failures on MacOS, See https://github.com/scikit-learn/scikit-learn/issues/12644" type="pytest.xfail"></skipped></testcase><testcase classname="sklearn.cluster.tests.test_k_means" file="sklearn/cluster/tests/test_k_means.py" line="295" name="test_k_means_fit_predict[4-300-0.1-asarray-float32-full]" time="0.001"><skipped message="Known failures on MacOS, See https://github.com/scikit-learn/scikit-learn/issues/12644" type="pytest.xfail"></skipped></testcase><testcase classname="sklearn.cluster.tests.test_k_means" file="sklearn/cluster/tests/test_k_means.py" line="295" name="test_k_means_fit_predict[4-300-0.1-asarray-float32-elkan]" time="0.001"><skipped message="Known failures on MacOS, See https://github.com/scikit-learn/scikit-learn/issues/12644" type="pytest.xfail"></skipped></testcase><testcase classname="sklearn.cluster.tests.test_k_means" file="sklearn/cluster/tests/test_k_means.py" line="295" name="test_k_means_fit_predict[4-300-0.1-asarray-float64-full]" time="0.002"><skipped message="Known failures on MacOS, See https://github.com/scikit-learn/scikit-learn/issues/12644" type="pytest.xfail"></skipped></testcase><testcase classname="sklearn.cluster.tests.test_k_means" file="sklearn/cluster/tests/test_k_means.py" line="295" name="test_k_means_fit_predict[4-300-0.1-asarray-float64-elkan]" time="0.002"><skipped message="Known failures on MacOS, See https://github.com/scikit-learn/scikit-learn/issues/12644" type="pytest.xfail"></skipped></testcase><testcase classname="sklearn.cluster.tests.test_k_means" file="sklearn/cluster/tests/test_k_means.py" line="295" name="test_k_means_fit_predict[4-300-0.1-csr_matrix-float32-full]" time="0.002"><skipped message="Known failures on MacOS, See https://github.com/scikit-learn/scikit-learn/issues/12644" type="pytest.xfail"></skipped></testcase><testcase classname="sklearn.cluster.tests.test_k_means" file="sklearn/cluster/tests/test_k_means.py" line="295" name="test_k_means_fit_predict[4-300-0.1-csr_matrix-float32-elkan]" time="0.002"><skipped message="Known failures on MacOS, See https://github.com/scikit-learn/scikit-learn/issues/12644" type="pytest.xfail"></skipped></testcase><testcase classname="sklearn.cluster.tests.test_k_means" file="sklearn/cluster/tests/test_k_means.py" line="295" name="test_k_means_fit_predict[4-300-0.1-csr_matrix-float64-full]" time="0.001"><skipped message="Known failures on MacOS, See https://github.com/scikit-learn/scikit-learn/issues/12644" type="pytest.xfail"></skipped></testcase><testcase classname="sklearn.cluster.tests.test_k_means" file="sklearn/cluster/tests/test_k_means.py" line="295" name="test_k_means_fit_predict[4-300-0.1-csr_matrix-float64-elkan]" time="0.002"><skipped message="Known failures on MacOS, See https://github.com/scikit-learn/scikit-learn/issues/12644" type="pytest.xfail"></skipped></testcase><testcase classname="sklearn.cluster.tests.test_k_means" file="sklearn/cluster/tests/test_k_means.py" line="337" name="test_minibatch_kmeans_verbose" time="0.025"></testcase><testcase classname="sklearn.cluster.tests.test_k_means" file="sklearn/cluster/tests/test_k_means.py" line="348" name="test_kmeans_verbose[0.01-full]" time="0.027"></testcase><testcase classname="sklearn.cluster.tests.test_k_means" file="sklearn/cluster/tests/test_k_means.py" line="348" name="test_kmeans_verbose[0.01-elkan]" time="0.037"></testcase><testcase classname="sklearn.cluster.tests.test_k_means" file="sklearn/cluster/tests/test_k_means.py" line="348" name="test_kmeans_verbose[0-full]" time="0.072"></testcase><testcase classname="sklearn.cluster.tests.test_k_means" file="sklearn/cluster/tests/test_k_means.py" line="348" name="test_kmeans_verbose[0-elkan]" time="0.078"></testcase><testcase classname="sklearn.cluster.tests.test_k_means" file="sklearn/cluster/tests/test_k_means.py" line="368" name="test_minibatch_kmeans_warning_init_size" time="0.062"></testcase><testcase classname="sklearn.cluster.tests.test_k_means" file="sklearn/cluster/tests/test_k_means.py" line="375" name="test_warning_n_init_precomputed_centers[KMeans]" time="0.003"></testcase><testcase classname="sklearn.cluster.tests.test_k_means" file="sklearn/cluster/tests/test_k_means.py" line="375" name="test_warning_n_init_precomputed_centers[MiniBatchKMeans]" time="0.017"></testcase><testcase classname="sklearn.cluster.tests.test_k_means" file="sklearn/cluster/tests/test_k_means.py" line="385" name="test_minibatch_sensible_reassign" time="0.229"></testcase><testcase classname="sklearn.cluster.tests.test_k_means" file="sklearn/cluster/tests/test_k_means.py" line="412" name="test_minibatch_reassign" time="0.088"></testcase><testcase classname="sklearn.cluster.tests.test_k_means" file="sklearn/cluster/tests/test_k_means.py" line="457" name="test_minibatch_with_many_reassignments" time="1.898"></testcase><testcase classname="sklearn.cluster.tests.test_k_means" file="sklearn/cluster/tests/test_k_means.py" line="474" name="test_minibatch_kmeans_init_size" time="0.109"></testcase><testcase classname="sklearn.cluster.tests.test_k_means" file="sklearn/cluster/tests/test_k_means.py" line="491" name="test_kmeans_copyx" time="0.059"></testcase><testcase classname="sklearn.cluster.tests.test_k_means" file="sklearn/cluster/tests/test_k_means.py" line="502" name="test_score_max_iter[KMeans]" time="0.030"></testcase><testcase classname="sklearn.cluster.tests.test_k_means" file="sklearn/cluster/tests/test_k_means.py" line="502" name="test_score_max_iter[MiniBatchKMeans]" time="0.055"></testcase><testcase classname="sklearn.cluster.tests.test_k_means" file="sklearn/cluster/tests/test_k_means.py" line="515" name="test_predict[KMeans-full-random-float32-dense]" time="0.004"><skipped message="Known failures on MacOS, See https://github.com/scikit-learn/scikit-learn/issues/12644" type="pytest.xfail"></skipped></testcase><testcase classname="sklearn.cluster.tests.test_k_means" file="sklearn/cluster/tests/test_k_means.py" line="515" name="test_predict[KMeans-full-random-float32-sparse]" time="0.003"><skipped message="Known failures on MacOS, See https://github.com/scikit-learn/scikit-learn/issues/12644" type="pytest.xfail"></skipped></testcase><testcase classname="sklearn.cluster.tests.test_k_means" file="sklearn/cluster/tests/test_k_means.py" line="515" name="test_predict[KMeans-full-random-float64-dense]" time="0.002"><skipped message="Known failures on MacOS, See https://github.com/scikit-learn/scikit-learn/issues/12644" type="pytest.xfail"></skipped></testcase><testcase classname="sklearn.cluster.tests.test_k_means" file="sklearn/cluster/tests/test_k_means.py" line="515" name="test_predict[KMeans-full-random-float64-sparse]" time="0.002"><skipped message="Known failures on MacOS, See https://github.com/scikit-learn/scikit-learn/issues/12644" type="pytest.xfail"></skipped></testcase><testcase classname="sklearn.cluster.tests.test_k_means" file="sklearn/cluster/tests/test_k_means.py" line="515" name="test_predict[KMeans-full-k-means++-float32-dense]" time="0.003"><skipped message="Known failures on MacOS, See https://github.com/scikit-learn/scikit-learn/issues/12644" type="pytest.xfail"></skipped></testcase><testcase classname="sklearn.cluster.tests.test_k_means" file="sklearn/cluster/tests/test_k_means.py" line="515" name="test_predict[KMeans-full-k-means++-float32-sparse]" time="0.005"><skipped message="Known failures on MacOS, See https://github.com/scikit-learn/scikit-learn/issues/12644" type="pytest.xfail"></skipped></testcase><testcase classname="sklearn.cluster.tests.test_k_means" file="sklearn/cluster/tests/test_k_means.py" line="515" name="test_predict[KMeans-full-k-means++-float64-dense]" time="0.001"><skipped message="Known failures on MacOS, See https://github.com/scikit-learn/scikit-learn/issues/12644" type="pytest.xfail"></skipped></testcase><testcase classname="sklearn.cluster.tests.test_k_means" file="sklearn/cluster/tests/test_k_means.py" line="515" name="test_predict[KMeans-full-k-means++-float64-sparse]" time="0.001"><skipped message="Known failures on MacOS, See https://github.com/scikit-learn/scikit-learn/issues/12644" type="pytest.xfail"></skipped></testcase><testcase classname="sklearn.cluster.tests.test_k_means" file="sklearn/cluster/tests/test_k_means.py" line="515" name="test_predict[KMeans-elkan-random-float32-dense]" time="0.002"><skipped message="Known failures on MacOS, See https://github.com/scikit-learn/scikit-learn/issues/12644" type="pytest.xfail"></skipped></testcase><testcase classname="sklearn.cluster.tests.test_k_means" file="sklearn/cluster/tests/test_k_means.py" line="515" name="test_predict[KMeans-elkan-random-float32-sparse]" time="0.001"><skipped message="Known failures on MacOS, See https://github.com/scikit-learn/scikit-learn/issues/12644" type="pytest.xfail"></skipped></testcase><testcase classname="sklearn.cluster.tests.test_k_means" file="sklearn/cluster/tests/test_k_means.py" line="515" name="test_predict[KMeans-elkan-random-float64-dense]" time="0.001"><skipped message="Known failures on MacOS, See https://github.com/scikit-learn/scikit-learn/issues/12644" type="pytest.xfail"></skipped></testcase><testcase classname="sklearn.cluster.tests.test_k_means" file="sklearn/cluster/tests/test_k_means.py" line="515" name="test_predict[KMeans-elkan-random-float64-sparse]" time="0.002"><skipped message="Known failures on MacOS, See https://github.com/scikit-learn/scikit-learn/issues/12644" type="pytest.xfail"></skipped></testcase><testcase classname="sklearn.cluster.tests.test_k_means" file="sklearn/cluster/tests/test_k_means.py" line="515" name="test_predict[KMeans-elkan-k-means++-float32-dense]" time="0.002"><skipped message="Known failures on MacOS, See https://github.com/scikit-learn/scikit-learn/issues/12644" type="pytest.xfail"></skipped></testcase><testcase classname="sklearn.cluster.tests.test_k_means" file="sklearn/cluster/tests/test_k_means.py" line="515" name="test_predict[KMeans-elkan-k-means++-float32-sparse]" time="0.002"><skipped message="Known failures on MacOS, See https://github.com/scikit-learn/scikit-learn/issues/12644" type="pytest.xfail"></skipped></testcase><testcase classname="sklearn.cluster.tests.test_k_means" file="sklearn/cluster/tests/test_k_means.py" line="515" name="test_predict[KMeans-elkan-k-means++-float64-dense]" time="0.003"><skipped message="Known failures on MacOS, See https://github.com/scikit-learn/scikit-learn/issues/12644" type="pytest.xfail"></skipped></testcase><testcase classname="sklearn.cluster.tests.test_k_means" file="sklearn/cluster/tests/test_k_means.py" line="515" name="test_predict[KMeans-elkan-k-means++-float64-sparse]" time="0.002"><skipped message="Known failures on MacOS, See https://github.com/scikit-learn/scikit-learn/issues/12644" type="pytest.xfail"></skipped></testcase><testcase classname="sklearn.cluster.tests.test_k_means" file="sklearn/cluster/tests/test_k_means.py" line="515" name="test_predict[MiniBatchKMeans-None-random-float32-dense]" time="0.002"><skipped message="Known failures on MacOS, See https://github.com/scikit-learn/scikit-learn/issues/12644" type="pytest.xfail"></skipped></testcase><testcase classname="sklearn.cluster.tests.test_k_means" file="sklearn/cluster/tests/test_k_means.py" line="515" name="test_predict[MiniBatchKMeans-None-random-float32-sparse]" time="0.001"><skipped message="Known failures on MacOS, See https://github.com/scikit-learn/scikit-learn/issues/12644" type="pytest.xfail"></skipped></testcase><testcase classname="sklearn.cluster.tests.test_k_means" file="sklearn/cluster/tests/test_k_means.py" line="515" name="test_predict[MiniBatchKMeans-None-random-float64-dense]" time="0.001"><skipped message="Known failures on MacOS, See https://github.com/scikit-learn/scikit-learn/issues/12644" type="pytest.xfail"></skipped></testcase><testcase classname="sklearn.cluster.tests.test_k_means" file="sklearn/cluster/tests/test_k_means.py" line="515" name="test_predict[MiniBatchKMeans-None-random-float64-sparse]" time="0.002"><skipped message="Known failures on MacOS, See https://github.com/scikit-learn/scikit-learn/issues/12644" type="pytest.xfail"></skipped></testcase><testcase classname="sklearn.cluster.tests.test_k_means" file="sklearn/cluster/tests/test_k_means.py" line="515" name="test_predict[MiniBatchKMeans-None-k-means++-float32-dense]" time="0.004"><skipped message="Known failures on MacOS, See https://github.com/scikit-learn/scikit-learn/issues/12644" type="pytest.xfail"></skipped></testcase><testcase classname="sklearn.cluster.tests.test_k_means" file="sklearn/cluster/tests/test_k_means.py" line="515" name="test_predict[MiniBatchKMeans-None-k-means++-float32-sparse]" time="0.003"><skipped message="Known failures on MacOS, See https://github.com/scikit-learn/scikit-learn/issues/12644" type="pytest.xfail"></skipped></testcase><testcase classname="sklearn.cluster.tests.test_k_means" file="sklearn/cluster/tests/test_k_means.py" line="515" name="test_predict[MiniBatchKMeans-None-k-means++-float64-dense]" time="0.003"><skipped message="Known failures on MacOS, See https://github.com/scikit-learn/scikit-learn/issues/12644" type="pytest.xfail"></skipped></testcase><testcase classname="sklearn.cluster.tests.test_k_means" file="sklearn/cluster/tests/test_k_means.py" line="515" name="test_predict[MiniBatchKMeans-None-k-means++-float64-sparse]" time="0.004"><skipped message="Known failures on MacOS, See https://github.com/scikit-learn/scikit-learn/issues/12644" type="pytest.xfail"></skipped></testcase><testcase classname="sklearn.cluster.tests.test_k_means" file="sklearn/cluster/tests/test_k_means.py" line="584" name="test_predict_dense_sparse[KMeans-random]" time="0.107"></testcase><testcase classname="sklearn.cluster.tests.test_k_means" file="sklearn/cluster/tests/test_k_means.py" line="584" name="test_predict_dense_sparse[KMeans-k-means++]" time="0.192"></testcase><testcase classname="sklearn.cluster.tests.test_k_means" file="sklearn/cluster/tests/test_k_means.py" line="584" name="test_predict_dense_sparse[KMeans-ndarray]" time="0.018"></testcase><testcase classname="sklearn.cluster.tests.test_k_means" file="sklearn/cluster/tests/test_k_means.py" line="584" name="test_predict_dense_sparse[MiniBatchKMeans-random]" time="0.074"></testcase><testcase classname="sklearn.cluster.tests.test_k_means" file="sklearn/cluster/tests/test_k_means.py" line="584" name="test_predict_dense_sparse[MiniBatchKMeans-k-means++]" time="0.223"></testcase><testcase classname="sklearn.cluster.tests.test_k_means" file="sklearn/cluster/tests/test_k_means.py" line="584" name="test_predict_dense_sparse[MiniBatchKMeans-ndarray]" time="0.035"></testcase><testcase classname="sklearn.cluster.tests.test_k_means" file="sklearn/cluster/tests/test_k_means.py" line="601" name="test_integer_input[KMeans-k-means++-int32-dense]" time="0.038"></testcase><testcase classname="sklearn.cluster.tests.test_k_means" file="sklearn/cluster/tests/test_k_means.py" line="601" name="test_integer_input[KMeans-k-means++-int32-sparse]" time="0.049"></testcase><testcase classname="sklearn.cluster.tests.test_k_means" file="sklearn/cluster/tests/test_k_means.py" line="601" name="test_integer_input[KMeans-k-means++-int64-dense]" time="0.023"></testcase><testcase classname="sklearn.cluster.tests.test_k_means" file="sklearn/cluster/tests/test_k_means.py" line="601" name="test_integer_input[KMeans-k-means++-int64-sparse]" time="0.049"></testcase><testcase classname="sklearn.cluster.tests.test_k_means" file="sklearn/cluster/tests/test_k_means.py" line="601" name="test_integer_input[KMeans-ndarray-int32-dense]" time="0.006"></testcase><testcase classname="sklearn.cluster.tests.test_k_means" file="sklearn/cluster/tests/test_k_means.py" line="601" name="test_integer_input[KMeans-ndarray-int32-sparse]" time="0.011"></testcase><testcase classname="sklearn.cluster.tests.test_k_means" file="sklearn/cluster/tests/test_k_means.py" line="601" name="test_integer_input[KMeans-ndarray-int64-dense]" time="0.008"></testcase><testcase classname="sklearn.cluster.tests.test_k_means" file="sklearn/cluster/tests/test_k_means.py" line="601" name="test_integer_input[KMeans-ndarray-int64-sparse]" time="0.007"></testcase><testcase classname="sklearn.cluster.tests.test_k_means" file="sklearn/cluster/tests/test_k_means.py" line="601" name="test_integer_input[MiniBatchKMeans-k-means++-int32-dense]" time="0.038"></testcase><testcase classname="sklearn.cluster.tests.test_k_means" file="sklearn/cluster/tests/test_k_means.py" line="601" name="test_integer_input[MiniBatchKMeans-k-means++-int32-sparse]" time="0.054"></testcase><testcase classname="sklearn.cluster.tests.test_k_means" file="sklearn/cluster/tests/test_k_means.py" line="601" name="test_integer_input[MiniBatchKMeans-k-means++-int64-dense]" time="0.021"></testcase><testcase classname="sklearn.cluster.tests.test_k_means" file="sklearn/cluster/tests/test_k_means.py" line="601" name="test_integer_input[MiniBatchKMeans-k-means++-int64-sparse]" time="0.051"></testcase><testcase classname="sklearn.cluster.tests.test_k_means" file="sklearn/cluster/tests/test_k_means.py" line="601" name="test_integer_input[MiniBatchKMeans-ndarray-int32-dense]" time="0.014"></testcase><testcase classname="sklearn.cluster.tests.test_k_means" file="sklearn/cluster/tests/test_k_means.py" line="601" name="test_integer_input[MiniBatchKMeans-ndarray-int32-sparse]" time="0.034"></testcase><testcase classname="sklearn.cluster.tests.test_k_means" file="sklearn/cluster/tests/test_k_means.py" line="601" name="test_integer_input[MiniBatchKMeans-ndarray-int64-dense]" time="0.016"></testcase><testcase classname="sklearn.cluster.tests.test_k_means" file="sklearn/cluster/tests/test_k_means.py" line="601" name="test_integer_input[MiniBatchKMeans-ndarray-int64-sparse]" time="0.026"></testcase><testcase classname="sklearn.cluster.tests.test_k_means" file="sklearn/cluster/tests/test_k_means.py" line="632" name="test_transform[KMeans]" time="0.033"></testcase><testcase classname="sklearn.cluster.tests.test_k_means" file="sklearn/cluster/tests/test_k_means.py" line="632" name="test_transform[MiniBatchKMeans]" time="0.011"></testcase><testcase classname="sklearn.cluster.tests.test_k_means" file="sklearn/cluster/tests/test_k_means.py" line="650" name="test_fit_transform[KMeans]" time="0.019"></testcase><testcase classname="sklearn.cluster.tests.test_k_means" file="sklearn/cluster/tests/test_k_means.py" line="650" name="test_fit_transform[MiniBatchKMeans]" time="0.060"></testcase><testcase classname="sklearn.cluster.tests.test_k_means" file="sklearn/cluster/tests/test_k_means.py" line="658" name="test_n_init" time="0.010"></testcase><testcase classname="sklearn.cluster.tests.test_k_means" file="sklearn/cluster/tests/test_k_means.py" line="669" name="test_k_means_function" time="0.029"></testcase><testcase classname="sklearn.cluster.tests.test_k_means" file="sklearn/cluster/tests/test_k_means.py" line="682" name="test_float_precision[KMeans-dense]" time="0.013"></testcase><testcase classname="sklearn.cluster.tests.test_k_means" file="sklearn/cluster/tests/test_k_means.py" line="682" name="test_float_precision[KMeans-sparse]" time="0.039"></testcase><testcase classname="sklearn.cluster.tests.test_k_means" file="sklearn/cluster/tests/test_k_means.py" line="682" name="test_float_precision[MiniBatchKMeans-dense]" time="0.043"></testcase><testcase classname="sklearn.cluster.tests.test_k_means" file="sklearn/cluster/tests/test_k_means.py" line="682" name="test_float_precision[MiniBatchKMeans-sparse]" time="0.041"></testcase><testcase classname="sklearn.cluster.tests.test_k_means" file="sklearn/cluster/tests/test_k_means.py" line="718" name="test_centers_not_mutated[KMeans-int32]" time="0.002"></testcase><testcase classname="sklearn.cluster.tests.test_k_means" file="sklearn/cluster/tests/test_k_means.py" line="718" name="test_centers_not_mutated[KMeans-int64]" time="0.002"></testcase><testcase classname="sklearn.cluster.tests.test_k_means" file="sklearn/cluster/tests/test_k_means.py" line="718" name="test_centers_not_mutated[KMeans-float32]" time="0.003"></testcase><testcase classname="sklearn.cluster.tests.test_k_means" file="sklearn/cluster/tests/test_k_means.py" line="718" name="test_centers_not_mutated[KMeans-float64]" time="0.002"></testcase><testcase classname="sklearn.cluster.tests.test_k_means" file="sklearn/cluster/tests/test_k_means.py" line="718" name="test_centers_not_mutated[MiniBatchKMeans-int32]" time="0.007"></testcase><testcase classname="sklearn.cluster.tests.test_k_means" file="sklearn/cluster/tests/test_k_means.py" line="718" name="test_centers_not_mutated[MiniBatchKMeans-int64]" time="0.007"></testcase><testcase classname="sklearn.cluster.tests.test_k_means" file="sklearn/cluster/tests/test_k_means.py" line="718" name="test_centers_not_mutated[MiniBatchKMeans-float32]" time="0.010"></testcase><testcase classname="sklearn.cluster.tests.test_k_means" file="sklearn/cluster/tests/test_k_means.py" line="718" name="test_centers_not_mutated[MiniBatchKMeans-float64]" time="0.007"></testcase><testcase classname="sklearn.cluster.tests.test_k_means" file="sklearn/cluster/tests/test_k_means.py" line="733" name="test_kmeans_init_fitted_centers[dense]" time="0.027"></testcase><testcase classname="sklearn.cluster.tests.test_k_means" file="sklearn/cluster/tests/test_k_means.py" line="733" name="test_kmeans_init_fitted_centers[sparse]" time="0.043"></testcase><testcase classname="sklearn.cluster.tests.test_k_means" file="sklearn/cluster/tests/test_k_means.py" line="744" name="test_kmeans_warns_less_centers_than_unique_points" time="0.019"></testcase><testcase classname="sklearn.cluster.tests.test_k_means" file="sklearn/cluster/tests/test_k_means.py" line="766" name="test_weighted_vs_repeated" time="0.004"></testcase><testcase classname="sklearn.cluster.tests.test_k_means" file="sklearn/cluster/tests/test_k_means.py" line="786" name="test_unit_weights_vs_no_weights[KMeans-dense]" time="0.010"></testcase><testcase classname="sklearn.cluster.tests.test_k_means" file="sklearn/cluster/tests/test_k_means.py" line="786" name="test_unit_weights_vs_no_weights[KMeans-sparse]" time="0.019"></testcase><testcase classname="sklearn.cluster.tests.test_k_means" file="sklearn/cluster/tests/test_k_means.py" line="786" name="test_unit_weights_vs_no_weights[MiniBatchKMeans-dense]" time="0.022"></testcase><testcase classname="sklearn.cluster.tests.test_k_means" file="sklearn/cluster/tests/test_k_means.py" line="786" name="test_unit_weights_vs_no_weights[MiniBatchKMeans-sparse]" time="0.036"></testcase><testcase classname="sklearn.cluster.tests.test_k_means" file="sklearn/cluster/tests/test_k_means.py" line="801" name="test_scaled_weights" time="0.067"></testcase><testcase classname="sklearn.cluster.tests.test_k_means" file="sklearn/cluster/tests/test_k_means.py" line="814" name="test_kmeans_elkan_iter_attribute" time="0.036">
[...]
"test_lda_multi_jobs[batch]" time="0.001"><skipped message="Possible multi-process bug with some BLAS" type="pytest.skip">/Users/alfaro96/Workspace/Python/scikit-learn/sklearn/decomposition/tests/test_online_lda.py:207: Possible multi-process bug with some BLAS</skipped></testcase><testcase classname="sklearn.decomposition.tests.test_online_lda" file="sklearn/decomposition/tests/test_online_lda.py" line="223" name="test_lda_partial_fit_multi_jobs" time="0.001"><skipped message="Possible multi-process bug with some BLAS" type="pytest.skip">/Users/alfaro96/Workspace/Python/scikit-learn/sklearn/decomposition/tests/test_online_lda.py:224: Possible multi-process bug with some BLAS</skipped></testcase><testcase classname="sklearn.decomposition.tests.test_online_lda" file="sklearn/decomposition/tests/test_online_lda.py" line="240" name="test_lda_preplexity_mismatch" time="0.063"></testcase><testcase classname="sklearn.decomposition.tests.test_online_lda" file="sklearn/decomposition/tests/test_online_lda.py" line="260" name="test_lda_perplexity[online]" time="0.051"></testcase><testcase classname="sklearn.decomposition.tests.test_online_lda" file="sklearn/decomposition/tests/test_online_lda.py" line="260" name="test_lda_perplexity[batch]" time="0.053"></testcase><testcase classname="sklearn.decomposition.tests.test_online_lda" file="sklearn/decomposition/tests/test_online_lda.py" line="283" name="test_lda_score[online]" time="0.048"></testcase><testcase classname="sklearn.decomposition.tests.test_online_lda" file="sklearn/decomposition/tests/test_online_lda.py" line="283" name="test_lda_score[batch]" time="0.038"></testcase><testcase classname="sklearn.decomposition.tests.test_online_lda" file="sklearn/decomposition/tests/test_online_lda.py" line="302" name="test_perplexity_input_format" time="0.023"></testcase><testcase classname="sklearn.decomposition.tests.test_online_lda" file="sklearn/decomposition/tests/test_online_lda.py" line="315" name="test_lda_score_perplexity" time="0.032"></testcase><testcase classname="sklearn.decomposition.tests.test_online_lda" file="sklearn/decomposition/tests/test_online_lda.py" line="328" name="test_lda_fit_perplexity" time="0.021"></testcase><testcase classname="sklearn.decomposition.tests.test_online_lda" file="sklearn/decomposition/tests/test_online_lda.py" line="346" name="test_lda_empty_docs" time="0.987"></testcase><testcase classname="sklearn.decomposition.tests.test_online_lda" file="sklearn/decomposition/tests/test_online_lda.py" line="355" name="test_dirichlet_expectation" time="0.005"></testcase><testcase classname="sklearn.decomposition.tests.test_online_lda" file="sklearn/decomposition/tests/test_online_lda.py" line="390" name="test_verbosity[False-1-0-0]" time="0.036"></testcase><testcase classname="sklearn.decomposition.tests.test_online_lda" file="sklearn/decomposition/tests/test_online_lda.py" line="390" name="test_verbosity[False-0-0-0]" time="0.043"></testcase><testcase classname="sklearn.decomposition.tests.test_online_lda" file="sklearn/decomposition/tests/test_online_lda.py" line="390" name="test_verbosity[True-0-3-0]" time="0.034"></testcase><testcase classname="sklearn.decomposition.tests.test_online_lda" file="sklearn/decomposition/tests/test_online_lda.py" line="390" name="test_verbosity[True-1-3-3]" time="0.059"></testcase><testcase classname="sklearn.decomposition.tests.test_online_lda" file="sklearn/decomposition/tests/test_online_lda.py" line="390" name="test_verbosity[True-2-3-1]" time="0.052"></testcase><testcase classname="sklearn.decomposition.tests.test_pca" file="sklearn/decomposition/tests/test_pca.py" line="17" name="test_pca[1-full]" time="0.007"></testcase><testcase classname="sklearn.decomposition.tests.test_pca" file="sklearn/decomposition/tests/test_pca.py" line="17" name="test_pca[1-arpack]" time="0.026"></testcase><testcase classname="sklearn.decomposition.tests.test_pca" file="sklearn/decomposition/tests/test_pca.py" line="17" name="test_pca[1-randomized]" time="0.013"></testcase><testcase classname="sklearn.decomposition.tests.test_pca" file="sklearn/decomposition/tests/test_pca.py" line="17" name="test_pca[1-auto]" time="0.008"></testcase><testcase classname="sklearn.decomposition.tests.test_pca" file="sklearn/decomposition/tests/test_pca.py" line="17" name="test_pca[2-full]" time="0.016"></testcase><testcase classname="sklearn.decomposition.tests.test_pca" file="sklearn/decomposition/tests/test_pca.py" line="17" name="test_pca[2-arpack]" time="0.018"></testcase><testcase classname="sklearn.decomposition.tests.test_pca" file="sklearn/decomposition/tests/test_pca.py" line="17" name="test_pca[2-randomized]" time="0.008"></testcase><testcase classname="sklearn.decomposition.tests.test_pca" file="sklearn/decomposition/tests/test_pca.py" line="17" name="test_pca[2-auto]" time="0.010"></testcase><testcase classname="sklearn.decomposition.tests.test_pca" file="sklearn/decomposition/tests/test_pca.py" line="17" name="test_pca[3-full]" time="0.013"></testcase><testcase classname="sklearn.decomposition.tests.test_pca" file="sklearn/decomposition/tests/test_pca.py" line="17" name="test_pca[3-arpack]" time="0.013"></testcase><testcase classname="sklearn.decomposition.tests.test_pca" file="sklearn/decomposition/tests/test_pca.py" line="17" name="test_pca[3-randomized]" time="0.015"></testcase><testcase classname="sklearn.decomposition.tests.test_pca" file="sklearn/decomposition/tests/test_pca.py" line="17" name="test_pca[3-auto]" time="0.008"></testcase><testcase classname="sklearn.decomposition.tests.test_pca" file="sklearn/decomposition/tests/test_pca.py" line="39" name="test_no_empty_slice_warning" time="0.002"></testcase><testcase classname="sklearn.decomposition.tests.test_pca" file="sklearn/decomposition/tests/test_pca.py" line="50" name="test_whitening[full-True]" time="0.020"></testcase><testcase classname="sklearn.decomposition.tests.test_pca" file="sklearn/decomposition/tests/test_pca.py" line="50" name="test_whitening[full-False]" time="0.020"></testcase><testcase classname="sklearn.decomposition.tests.test_pca" file="sklearn/decomposition/tests/test_pca.py" line="50" name="test_whitening[arpack-True]" time="0.020"></testcase><testcase classname="sklearn.decomposition.tests.test_pca" file="sklearn/decomposition/tests/test_pca.py" line="50" name="test_whitening[arpack-False]" time="0.019"></testcase><testcase classname="sklearn.decomposition.tests.test_pca" file="sklearn/decomposition/tests/test_pca.py" line="50" name="test_whitening[randomized-True]" time="0.019"></testcase><testcase classname="sklearn.decomposition.tests.test_pca" file="sklearn/decomposition/tests/test_pca.py" line="50" name="test_whitening[randomized-False]" time="0.019"></testcase><testcase classname="sklearn.decomposition.tests.test_pca" file="sklearn/decomposition/tests/test_pca.py" line="50" name="test_whitening[auto-True]" time="0.012"></testcase><testcase classname="sklearn.decomposition.tests.test_pca" file="sklearn/decomposition/tests/test_pca.py" line="50" name="test_whitening[auto-False]" time="0.010"></testcase><testcase classname="sklearn.decomposition.tests.test_pca" file="sklearn/decomposition/tests/test_pca.py" line="99" name="test_pca_explained_variance_equivalence_solver[arpack]" time="0.012"></testcase><testcase classname="sklearn.decomposition.tests.test_pca" file="sklearn/decomposition/tests/test_pca.py" line="99" name="test_pca_explained_variance_equivalence_solver[randomized]" time="0.008"></testcase><testcase classname="sklearn.decomposition.tests.test_pca" file="sklearn/decomposition/tests/test_pca.py" line="123" name="test_pca_explained_variance_empirical[full-random-data]" time="0.013"></testcase><testcase classname="sklearn.decomposition.tests.test_pca" file="sklearn/decomposition/tests/test_pca.py" line="123" name="test_pca_explained_variance_empirical[full-correlated-data]" time="0.009"></testcase><testcase classname="sklearn.decomposition.tests.test_pca" file="sklearn/decomposition/tests/test_pca.py" line="123" name="test_pca_explained_variance_empirical[arpack-random-data]" time="0.013"></testcase><testcase classname="sklearn.decomposition.tests.test_pca" file="sklearn/decomposition/tests/test_pca.py" line="123" name="test_pca_explained_variance_empirical[arpack-correlated-data]" time="0.009"></testcase><testcase classname="sklearn.decomposition.tests.test_pca" file="sklearn/decomposition/tests/test_pca.py" line="123" name="test_pca_explained_variance_empirical[randomized-random-data]" time="0.010"></testcase><testcase classname="sklearn.decomposition.tests.test_pca" file="sklearn/decomposition/tests/test_pca.py" line="123" name="test_pca_explained_variance_empirical[randomized-correlated-data]" time="0.010"></testcase><testcase classname="sklearn.decomposition.tests.test_pca" file="sklearn/decomposition/tests/test_pca.py" line="123" name="test_pca_explained_variance_empirical[auto-random-data]" time="0.011"></testcase><testcase classname="sklearn.decomposition.tests.test_pca" file="sklearn/decomposition/tests/test_pca.py" line="123" name="test_pca_explained_variance_empirical[auto-correlated-data]" time="0.010"></testcase><testcase classname="sklearn.decomposition.tests.test_pca" file="sklearn/decomposition/tests/test_pca.py" line="141" name="test_pca_singular_values_consistency[arpack]" time="0.012"></testcase><testcase classname="sklearn.decomposition.tests.test_pca" file="sklearn/decomposition/tests/test_pca.py" line="141" name="test_pca_singular_values_consistency[randomized]" time="0.008"></testcase><testcase classname="sklearn.decomposition.tests.test_pca" file="sklearn/decomposition/tests/test_pca.py" line="158" name="test_pca_singular_values[full]" time="0.014"></testcase><testcase classname="sklearn.decomposition.tests.test_pca" file="sklearn/decomposition/tests/test_pca.py" line="158" name="test_pca_singular_values[arpack]" time="0.024"></testcase><testcase classname="sklearn.decomposition.tests.test_pca" file="sklearn/decomposition/tests/test_pca.py" line="158" name="test_pca_singular_values[randomized]" time="0.019"></testcase><testcase classname="sklearn.decomposition.tests.test_pca" file="sklearn/decomposition/tests/test_pca.py" line="158" name="test_pca_singular_values[auto]" time="0.026"></testcase><testcase classname="sklearn.decomposition.tests.test_pca" file="sklearn/decomposition/tests/test_pca.py" line="190" name="test_pca_check_projection[full]" time="0.005"></testcase><testcase classname="sklearn.decomposition.tests.test_pca" file="sklearn/decomposition/tests/test_pca.py" line="190" name="test_pca_check_projection[arpack]" time="0.005"></testcase><testcase classname="sklearn.decomposition.tests.test_pca" file="sklearn/decomposition/tests/test_pca.py" line="190" name="test_pca_check_projection[randomized]" time="0.005"></testcase><testcase classname="sklearn.decomposition.tests.test_pca" file="sklearn/decomposition/tests/test_pca.py" line="190" name="test_pca_check_projection[auto]" time="0.003"></testcase><testcase classname="sklearn.decomposition.tests.test_pca" file="sklearn/decomposition/tests/test_pca.py" line="205" name="test_pca_check_projection_list[full]" time="0.002"></testcase><testcase classname="sklearn.decomposition.tests.test_pca" file="sklearn/decomposition/tests/test_pca.py" line="205" name="test_pca_check_projection_list[arpack]" time="0.003"></testcase><testcase classname="sklearn.decomposition.tests.test_pca" file="sklearn/decomposition/tests/test_pca.py" line="205" name="test_pca_check_projection_list[randomized]" time="0.004"></testcase><testcase classname="sklearn.decomposition.tests.test_pca" file="sklearn/decomposition/tests/test_pca.py" line="205" name="test_pca_check_projection_list[auto]" time="0.003"></testcase><testcase classname="sklearn.decomposition.tests.test_pca" file="sklearn/decomposition/tests/test_pca.py" line="216" name="test_pca_inverse[False-full]" time="0.003"></testcase><testcase classname="sklearn.decomposition.tests.test_pca" file="sklearn/decomposition/tests/test_pca.py" line="216" name="test_pca_inverse[False-arpack]" time="0.003"></testcase><testcase classname="sklearn.decomposition.tests.test_pca" file="sklearn/decomposition/tests/test_pca.py" line="216" name="test_pca_inverse[False-randomized]" time="0.004"></testcase><testcase classname="sklearn.decomposition.tests.test_pca" file="sklearn/decomposition/tests/test_pca.py" line="216" name="test_pca_inverse[True-full]" time="0.003"></testcase><testcase classname="sklearn.decomposition.tests.test_pca" file="sklearn/decomposition/tests/test_pca.py" line="216" name="test_pca_inverse[True-arpack]" time="0.005"></testcase><testcase classname="sklearn.decomposition.tests.test_pca" file="sklearn/decomposition/tests/test_pca.py" line="216" name="test_pca_inverse[True-randomized]" time="0.004"></testcase><testcase classname="sklearn.decomposition.tests.test_pca" file="sklearn/decomposition/tests/test_pca.py" line="234" name="test_pca_validation[arpack-0-must be between 1 and min\\(n_samples, n_features\\)-data0]" time="0.003"></testcase><testcase classname="sklearn.decomposition.tests.test_pca" file="sklearn/decomposition/tests/test_pca.py" line="234" name="test_pca_validation[arpack-0-must be between 1 and min\\(n_samples, n_features\\)-data1]" time="0.005"></testcase><testcase classname="sklearn.decomposition.tests.test_pca" file="sklearn/decomposition/tests/test_pca.py" line="234" name="test_pca_validation[randomized-0-must be between 1 and min\\(n_samples, n_features\\)-data0]" time="0.002"></testcase><testcase classname="sklearn.decomposition.tests.test_pca" file="sklearn/decomposition/tests/test_pca.py" line="234" name="test_pca_validation[randomized-0-must be between 1 and min\\(n_samples, n_features\\)-data1]" time="0.002"></testcase><testcase classname="sklearn.decomposition.tests.test_pca" file="sklearn/decomposition/tests/test_pca.py" line="234" name="test_pca_validation[arpack-2-must be strictly less than min-data0]" time="0.004"></testcase><testcase classname="sklearn.decomposition.tests.test_pca" file="sklearn/decomposition/tests/test_pca.py" line="234" name="test_pca_validation[arpack-2-must be strictly less than min-data1]" time="0.002"></testcase><testcase classname="sklearn.decomposition.tests.test_pca" file="sklearn/decomposition/tests/test_pca.py" line="234" name="test_pca_validation[auto--1-n_components={}L? must be between {}L? and min\\(n_samples, n_features\\)={}L? with svd_solver=\\&apos;{}\\&apos;-data0]" time="0.005"></testcase><testcase classname="sklearn.decomposition.tests.test_pca" file="sklearn/decomposition/tests/test_pca.py" line="234" name="test_pca_validation[auto--1-n_components={}L? must be between {}L? and min\\(n_samples, n_features\\)={}L? with svd_solver=\\&apos;{}\\&apos;-data1]" time="0.002"></testcase><testcase classname="sklearn.decomposition.tests.test_pca" file="sklearn/decomposition/tests/test_pca.py" line="234" name="test_pca_validation[auto-3-n_components={}L? must be between {}L? and min\\(n_samples, n_features\\)={}L? with svd_solver=\\&apos;{}\\&apos;-data0]" time="0.005"></testcase><testcase classname="sklearn.decomposition.tests.test_pca" file="sklearn/decomposition/tests/test_pca.py" line="234" name="test_pca_validation[auto-3-n_components={}L? must be between {}L? and min\\(n_samples, n_features\\)={}L? with svd_solver=\\&apos;{}\\&apos;-data1]" time="0.003"></testcase><testcase classname="sklearn.decomposition.tests.test_pca" file="sklearn/decomposition/tests/test_pca.py" line="234" name="test_pca_validation[auto-1.0-must be of type int-data0]" time="0.004"></testcase><testcase classname="sklearn.decomposition.tests.test_pca" file="sklearn/decomposition/tests/test_pca.py" line="234" name="test_pca_validation[auto-1.0-must be of type int-data1]" time="0.005"></testcase><testcase classname="sklearn.decomposition.tests.test_pca" file="sklearn/decomposition/tests/test_pca.py" line="276" name="test_n_components_none[data0-full-4]" time="0.003"></testcase><testcase classname="sklearn.decomposition.tests.test_pca" file="sklearn/decomposition/tests/test_pca.py" line="276" name="test_n_components_none[data0-arpack-3]" time="0.003"></testcase><testcase classname="sklearn.decomposition.tests.test_pca" file="sklearn/decomposition/tests/test_pca.py" line="276" name="test_n_components_none[data0-randomized-4]" time="0.005"></testcase><testcase classname="sklearn.decomposition.tests.test_pca" file="sklearn/decomposition/tests/test_pca.py" line="276" name="test_n_components_none[data1-full-4]" time="0.003"></testcase><testcase classname="sklearn.decomposition.tests.test_pca" file="sklearn/decomposition/tests/test_pca.py" line="276" name="test_n_components_none[data1-arpack-3]" time="0.007"></testcase><testcase classname="sklearn.decomposition.tests.test_pca" file="sklearn/decomposition/tests/test_pca.py" line="276" name="test_n_components_none[data1-randomized-4]" time="0.004"></testcase><testcase classname="sklearn.decomposition.tests.test_pca" file="sklearn/decomposition/tests/test_pca.py" line="289" name="test_n_components_mle[auto]" time="0.008"></testcase><testcase classname="sklearn.decomposition.tests.test_pca" file="sklearn/decomposition/tests/test_pca.py" line="289" name="test_n_components_mle[full]" time="0.006"></testcase><testcase classname="sklearn.decomposition.tests.test_pca" file="sklearn/decomposition/tests/test_pca.py" line="300" name="test_n_components_mle_error[arpack]" time="0.005"></testcase><testcase classname="sklearn.decomposition.tests.test_pca" file="sklearn/decomposition/tests/test_pca.py" line="300" name="test_n_components_mle_error[randomized]" time="0.003"></testcase><testcase classname="sklearn.decomposition.tests.test_pca" file="sklearn/decomposition/tests/test_pca.py" line="314" name="test_pca_dim" time="0.004"></testcase><testcase classname="sklearn.decomposition.tests.test_pca" file="sklearn/decomposition/tests/test_pca.py" line="325" name="test_infer_dim_1" time="0.009"></testcase><testcase classname="sklearn.decomposition.tests.test_pca" file="sklearn/decomposition/tests/test_pca.py" line="339" name="test_infer_dim_2" time="0.005"></testcase><testcase classname="sklearn.decomposition.tests.test_pca" file="sklearn/decomposition/tests/test_pca.py" line="353" name="test_infer_dim_3" time="0.003"></testcase><testcase classname="sklearn.decomposition.tests.test_pca" file="sklearn/decomposition/tests/test_pca.py" line="366" name="test_infer_dim_by_explained_variance[X0-0.95-2]" time="0.008"></testcase><testcase classname="sklearn.decomposition.tests.test_pca" file="sklearn/decomposition/tests/test_pca.py" line="366" name="test_infer_dim_by_explained_variance[X1-0.01-1]" time="0.004"></testcase><testcase classname="sklearn.decomposition.tests.test_pca" file="sklearn/decomposition/tests/test_pca.py" line="366" name="test_infer_dim_by_explained_variance[X2-0.5-2]" time="0.003"></testcase><testcase classname="sklearn.decomposition.tests.test_pca" file="sklearn/decomposition/tests/test_pca.py" line="380" name="test_pca_score[full]" time="0.010"></testcase><testcase classname="sklearn.decomposition.tests.test_pca" file="sklearn/decomposition/tests/test_pca.py" line="380" name="test_pca_score[arpack]" time="0.013"></testcase><testcase classname="sklearn.decomposition.tests.test_pca" file="sklearn/decomposition/tests/test_pca.py" line="380" name="test_pca_score[randomized]" time="0.013"></testcase><testcase classname="sklearn.decomposition.tests.test_pca" file="sklearn/decomposition/tests/test_pca.py" line="380" name="test_pca_score[auto]" time="0.011"></testcase><testcase classname="sklearn.decomposition.tests.test_pca" file="sklearn/decomposition/tests/test_pca.py" line="402" name="test_pca_score3" time="0.010"></testcase><testcase classname="sklearn.decomposition.tests.test_pca" file="sklearn/decomposition/tests/test_pca.py" line="419" name="test_pca_sanity_noise_variance[full]" time="0.198"></testcase><testcase time="0.002"></testcase></testsuite></testsuites>